Added Component: Designator=C1(CAP: TANTAL-A)
Added Component: Designator=C2(CAP: 0603)
Added Component: Designator=C3(CAP: TANTAL-A)
Add component. Clean all parameters for all variants
Add component (AddParameter): Name = "HelpURL"; Value = "https://www.digikey.com/product-detail/en/avx-corporation/TAJA105K035RNJ/478-1651-2-ND/563759"; VariantName = "[No Variations]"
Add component (AddParameter): Name = "Impedance"; Value = "7.5Ohm"; VariantName = "[No Variations]"
Add component (AddParameter): Name = "Manufacturer"; Value = "AVX"; VariantName = "[No Variations]"
Add component (AddParameter): Name = "Package"; Value = "case A (3216)"; VariantName = "[No Variations]"
Add component (AddParameter): Name = "PartNumber"; Value = "TAJA105K035RNJ"; VariantName = "[No Variations]"
Add component (AddParameter): Name = "Temperature"; Value = "-55...+125°C"; VariantName = "[No Variations]"
Add component (AddParameter): Name = "Tolerance"; Value = "±10%"; VariantName = "[No Variations]"
Add component (AddParameter): Name = "TypeCapacitor"; Value = "Tantalum capacitor"; VariantName = "[No Variations]"
Add component (AddParameter): Name = "TypeDielectric"; Value = ""; VariantName = "[No Variations]"
Add component (AddParameter): Name = "Value"; Value = "1?F"; VariantName = "[No Variations]"
Add component (AddParameter): Name = "ValueManufacturerPartNumber"; Value = "Tantalum capacitor, 1?F, 35V, ±10%, 7.5Ohm, case A (3216), -55...+125°C"; VariantName = "[No Variations]"
Add component (AddParameter): Name = "Voltage"; Value = "35V"; VariantName = "[No Variations]"
Added Component: Designator=C4(CAP: 0603)
Add component. Clean all parameters for all variants
Add component (AddParameter): Name = "HelpURL"; Value = "https://www.digikey.com/product-detail/en/murata-electronics/GRM188R71H103KA01D/490-1512-2-ND/587151"; VariantName = "[No Variations]"
Add component (AddParameter): Name = "Manufacturer"; Value = "Murata Electronics"; VariantName = "[No Variations]"
Add component (AddParameter): Name = "Package"; Value = "0603"; VariantName = "[No Variations]"
Add component (AddParameter): Name = "PartNumber"; Value = "GRM188R71H103KA01D"; VariantName = "[No Variations]"
Add component (AddParameter): Name = "Temperature"; Value = "-55...+125°C"; VariantName = "[No Variations]"
Add component (AddParameter): Name = "Tolerance"; Value = "±10%"; VariantName = "[No Variations]"
Add component (AddParameter): Name = "TypeCapacitor"; Value = "Ceramic capacitor"; VariantName = "[No Variations]"
Add component (AddParameter): Name = "TypeDielectric"; Value = "X7R"; VariantName = "[No Variations]"
Add component (AddParameter): Name = "Value"; Value = "0.01?F"; VariantName = "[No Variations]"
Add component (AddParameter): Name = "ValueManufacturerPartNumber"; Value = "Ceramic capacitor, 0.01?F, X7R, ±10%, 50V, 0603, -55...+125°C"; VariantName = "[No Variations]"
Add component (AddParameter): Name = "Voltage"; Value = "50V"; VariantName = "[No Variations]"
Added Component: Designator=C5(CAP: TANTAL-A)
Add component. Clean all parameters for all variants
Add component (AddParameter): Name = "HelpURL"; Value = "https://www.digikey.com/product-detail/en/avx-corporation/TAJA105K035RNJ/478-1651-2-ND/563759"; VariantName = "[No Variations]"
Add component (AddParameter): Name = "Impedance"; Value = "7.5Ohm"; VariantName = "[No Variations]"
Add component (AddParameter): Name = "Manufacturer"; Value = "AVX"; VariantName = "[No Variations]"
Add component (AddParameter): Name = "Package"; Value = "case A (3216)"; VariantName = "[No Variations]"
Add component (AddParameter): Name = "PartNumber"; Value = "TAJA105K035RNJ"; VariantName = "[No Variations]"
Add component (AddParameter): Name = "Temperature"; Value = "-55...+125°C"; VariantName = "[No Variations]"
Add component (AddParameter): Name = "Tolerance"; Value = "±10%"; VariantName = "[No Variations]"
Add component (AddParameter): Name = "TypeCapacitor"; Value = "Tantalum capacitor"; VariantName = "[No Variations]"
Add component (AddParameter): Name = "TypeDielectric"; Value = ""; VariantName = "[No Variations]"
Add component (AddParameter): Name = "Value"; Value = "1?F"; VariantName = "[No Variations]"
Add component (AddParameter): Name = "ValueManufacturerPartNumber"; Value = "Tantalum capacitor, 1?F, 35V, ±10%, 7.5Ohm, case A (3216), -55...+125°C"; VariantName = "[No Variations]"
Add component (AddParameter): Name = "Voltage"; Value = "35V"; VariantName = "[No Variations]"
Added Component: Designator=C6(CAP: 0603)
Add component. Clean all parameters for all variants
Add component (AddParameter): Name = "HelpURL"; Value = "https://www.digikey.com/product-detail/en/murata-electronics/GRM188R71H103KA01D/490-1512-2-ND/587151"; VariantName = "[No Variations]"
Add component (AddParameter): Name = "Manufacturer"; Value = "Murata Electronics"; VariantName = "[No Variations]"
Add component (AddParameter): Name = "Package"; Value = "0603"; VariantName = "[No Variations]"
Add component (AddParameter): Name = "PartNumber"; Value = "GRM188R71H103KA01D"; VariantName = "[No Variations]"
Add component (AddParameter): Name = "Temperature"; Value = "-55...+125°C"; VariantName = "[No Variations]"
Add component (AddParameter): Name = "Tolerance"; Value = "±10%"; VariantName = "[No Variations]"
Add component (AddParameter): Name = "TypeCapacitor"; Value = "Ceramic capacitor"; VariantName = "[No Variations]"
Add component (AddParameter): Name = "TypeDielectric"; Value = "X7R"; VariantName = "[No Variations]"
Add component (AddParameter): Name = "Value"; Value = "0.01?F"; VariantName = "[No Variations]"
Add component (AddParameter): Name = "ValueManufacturerPartNumber"; Value = "Ceramic capacitor, 0.01?F, X7R, ±10%, 50V, 0603, -55...+125°C"; VariantName = "[No Variations]"
Add component (AddParameter): Name = "Voltage"; Value = "50V"; VariantName = "[No Variations]"
Added Component: Designator=C7(CAP: TANTAL-A)
Add component. Clean all parameters for all variants
Add component (AddParameter): Name = "HelpURL"; Value = "https://www.digikey.com/product-detail/en/avx-corporation/TAJA105K035RNJ/478-1651-2-ND/563759"; VariantName = "[No Variations]"
Add component (AddParameter): Name = "Impedance"; Value = "7.5Ohm"; VariantName = "[No Variations]"
Add component (AddParameter): Name = "Manufacturer"; Value = "AVX"; VariantName = "[No Variations]"
Add component (AddParameter): Name = "Package"; Value = "case A (3216)"; VariantName = "[No Variations]"
Add component (AddParameter): Name = "PartNumber"; Value = "TAJA105K035RNJ"; VariantName = "[No Variations]"
Add component (AddParameter): Name = "Temperature"; Value = "-55...+125°C"; VariantName = "[No Variations]"
Add component (AddParameter): Name = "Tolerance"; Value = "±10%"; VariantName = "[No Variations]"
Add component (AddParameter): Name = "TypeCapacitor"; Value = "Tantalum capacitor"; VariantName = "[No Variations]"
Add component (AddParameter): Name = "TypeDielectric"; Value = ""; VariantName = "[No Variations]"
Add component (AddParameter): Name = "Value"; Value = "1?F"; VariantName = "[No Variations]"
Add component (AddParameter): Name = "ValueManufacturerPartNumber"; Value = "Tantalum capacitor, 1?F, 35V, ±10%, 7.5Ohm, case A (3216), -55...+125°C"; VariantName = "[No Variations]"
Add component (AddParameter): Name = "Voltage"; Value = "35V"; VariantName = "[No Variations]"
Added Component: Designator=C8(CAP: 0603)
Add component. Clean all parameters for all variants
Add component (AddParameter): Name = "HelpURL"; Value = "https://www.digikey.com/product-detail/en/murata-electronics/GRM188R71H103KA01D/490-1512-2-ND/587151"; VariantName = "[No Variations]"
Add component (AddParameter): Name = "Manufacturer"; Value = "Murata Electronics"; VariantName = "[No Variations]"
Add component (AddParameter): Name = "Package"; Value = "0603"; VariantName = "[No Variations]"
Add component (AddParameter): Name = "PartNumber"; Value = "GRM188R71H103KA01D"; VariantName = "[No Variations]"
Add component (AddParameter): Name = "Temperature"; Value = "-55...+125°C"; VariantName = "[No Variations]"
Add component (AddParameter): Name = "Tolerance"; Value = "±10%"; VariantName = "[No Variations]"
Add component (AddParameter): Name = "TypeCapacitor"; Value = "Ceramic capacitor"; VariantName = "[No Variations]"
Add component (AddParameter): Name = "TypeDielectric"; Value = "X7R"; VariantName = "[No Variations]"
Add component (AddParameter): Name = "Value"; Value = "0.01?F"; VariantName = "[No Variations]"
Add component (AddParameter): Name = "ValueManufacturerPartNumber"; Value = "Ceramic capacitor, 0.01?F, X7R, ±10%, 50V, 0603, -55...+125°C"; VariantName = "[No Variations]"
Add component (AddParameter): Name = "Voltage"; Value = "50V"; VariantName = "[No Variations]"
Added Component: Designator=C9(CAP: TANTAL-A)
Add component. Clean all parameters for all variants
Add component (AddParameter): Name = "HelpURL"; Value = "https://www.digikey.com/product-detail/en/avx-corporation/TAJA105K035RNJ/478-1651-2-ND/563759"; VariantName = "[No Variations]"
Add component (AddParameter): Name = "Impedance"; Value = "7.5Ohm"; VariantName = "[No Variations]"
Add component (AddParameter): Name = "Manufacturer"; Value = "AVX"; VariantName = "[No Variations]"
Add component (AddParameter): Name = "Package"; Value = "case A (3216)"; VariantName = "[No Variations]"
Add component (AddParameter): Name = "PartNumber"; Value = "TAJA105K035RNJ"; VariantName = "[No Variations]"
Add component (AddParameter): Name = "Temperature"; Value = "-55...+125°C"; VariantName = "[No Variations]"
Add component (AddParameter): Name = "Tolerance"; Value = "±10%"; VariantName = "[No Variations]"
Add component (AddParameter): Name = "TypeCapacitor"; Value = "Tantalum capacitor"; VariantName = "[No Variations]"
Add component (AddParameter): Name = "TypeDielectric"; Value = ""; VariantName = "[No Variations]"
Add component (AddParameter): Name = "Value"; Value = "1?F"; VariantName = "[No Variations]"
Add component (AddParameter): Name = "ValueManufacturerPartNumber"; Value = "Tantalum capacitor, 1?F, 35V, ±10%, 7.5Ohm, case A (3216), -55...+125°C"; VariantName = "[No Variations]"
Add component (AddParameter): Name = "Voltage"; Value = "35V"; VariantName = "[No Variations]"
Added Component: Designator=C10(CAP: 0603)
Add component. Clean all parameters for all variants
Add component (AddParameter): Name = "HelpURL"; Value = "https://www.digikey.com/product-detail/en/murata-electronics/GRM188R71H103KA01D/490-1512-2-ND/587151"; VariantName = "[No Variations]"
Add component (AddParameter): Name = "Manufacturer"; Value = "Murata Electronics"; VariantName = "[No Variations]"
Add component (AddParameter): Name = "Package"; Value = "0603"; VariantName = "[No Variations]"
Add component (AddParameter): Name = "PartNumber"; Value = "GRM188R71H103KA01D"; VariantName = "[No Variations]"
Add component (AddParameter): Name = "Temperature"; Value = "-55...+125°C"; VariantName = "[No Variations]"
Add component (AddParameter): Name = "Tolerance"; Value = "±10%"; VariantName = "[No Variations]"
Add component (AddParameter): Name = "TypeCapacitor"; Value = "Ceramic capacitor"; VariantName = "[No Variations]"
Add component (AddParameter): Name = "TypeDielectric"; Value = "X7R"; VariantName = "[No Variations]"
Add component (AddParameter): Name = "Value"; Value = "0.01?F"; VariantName = "[No Variations]"
Add component (AddParameter): Name = "ValueManufacturerPartNumber"; Value = "Ceramic capacitor, 0.01?F, X7R, ±10%, 50V, 0603, -55...+125°C"; VariantName = "[No Variations]"
Add component (AddParameter): Name = "Voltage"; Value = "50V"; VariantName = "[No Variations]"
Added Component: Designator=C11(CAP: TANTAL-A)
Add component. Clean all parameters for all variants
Add component (AddParameter): Name = "HelpURL"; Value = "https://www.digikey.com/product-detail/en/avx-corporation/TAJA105K035RNJ/478-1651-2-ND/563759"; VariantName = "[No Variations]"
Add component (AddParameter): Name = "Impedance"; Value = "7.5Ohm"; VariantName = "[No Variations]"
Add component (AddParameter): Name = "Manufacturer"; Value = "AVX"; VariantName = "[No Variations]"
Add component (AddParameter): Name = "Package"; Value = "case A (3216)"; VariantName = "[No Variations]"
Add component (AddParameter): Name = "PartNumber"; Value = "TAJA105K035RNJ"; VariantName = "[No Variations]"
Add component (AddParameter): Name = "Temperature"; Value = "-55...+125°C"; VariantName = "[No Variations]"
Add component (AddParameter): Name = "Tolerance"; Value = "±10%"; VariantName = "[No Variations]"
Add component (AddParameter): Name = "TypeCapacitor"; Value = "Tantalum capacitor"; VariantName = "[No Variations]"
Add component (AddParameter): Name = "TypeDielectric"; Value = ""; VariantName = "[No Variations]"
Add component (AddParameter): Name = "Value"; Value = "1?F"; VariantName = "[No Variations]"
Add component (AddParameter): Name = "ValueManufacturerPartNumber"; Value = "Tantalum capacitor, 1?F, 35V, ±10%, 7.5Ohm, case A (3216), -55...+125°C"; VariantName = "[No Variations]"
Add component (AddParameter): Name = "Voltage"; Value = "35V"; VariantName = "[No Variations]"
Added Component: Designator=C12(CAP: 0603)
Add component. Clean all parameters for all variants
Add component (AddParameter): Name = "HelpURL"; Value = "https://www.digikey.com/product-detail/en/murata-electronics/GRM188R71H103KA01D/490-1512-2-ND/587151"; VariantName = "[No Variations]"
Add component (AddParameter): Name = "Manufacturer"; Value = "Murata Electronics"; VariantName = "[No Variations]"
Add component (AddParameter): Name = "Package"; Value = "0603"; VariantName = "[No Variations]"
Add component (AddParameter): Name = "PartNumber"; Value = "GRM188R71H103KA01D"; VariantName = "[No Variations]"
Add component (AddParameter): Name = "Temperature"; Value = "-55...+125°C"; VariantName = "[No Variations]"
Add component (AddParameter): Name = "Tolerance"; Value = "±10%"; VariantName = "[No Variations]"
Add component (AddParameter): Name = "TypeCapacitor"; Value = "Ceramic capacitor"; VariantName = "[No Variations]"
Add component (AddParameter): Name = "TypeDielectric"; Value = "X7R"; VariantName = "[No Variations]"
Add component (AddParameter): Name = "Value"; Value = "0.01?F"; VariantName = "[No Variations]"
Add component (AddParameter): Name = "ValueManufacturerPartNumber"; Value = "Ceramic capacitor, 0.01?F, X7R, ±10%, 50V, 0603, -55...+125°C"; VariantName = "[No Variations]"
Add component (AddParameter): Name = "Voltage"; Value = "50V"; VariantName = "[No Variations]"
Added Component: Designator=C13(CAP: TANTAL-A)
Add component. Clean all parameters for all variants
Add component (AddParameter): Name = "HelpURL"; Value = "https://www.digikey.com/product-detail/en/avx-corporation/TAJA105K035RNJ/478-1651-2-ND/563759"; VariantName = "[No Variations]"
Add component (AddParameter): Name = "Impedance"; Value = "7.5Ohm"; VariantName = "[No Variations]"
Add component (AddParameter): Name = "Manufacturer"; Value = "AVX"; VariantName = "[No Variations]"
Add component (AddParameter): Name = "Package"; Value = "case A (3216)"; VariantName = "[No Variations]"
Add component (AddParameter): Name = "PartNumber"; Value = "TAJA105K035RNJ"; VariantName = "[No Variations]"
Add component (AddParameter): Name = "Temperature"; Value = "-55...+125°C"; VariantName = "[No Variations]"
Add component (AddParameter): Name = "Tolerance"; Value = "±10%"; VariantName = "[No Variations]"
Add component (AddParameter): Name = "TypeCapacitor"; Value = "Tantalum capacitor"; VariantName = "[No Variations]"
Add component (AddParameter): Name = "TypeDielectric"; Value = ""; VariantName = "[No Variations]"
Add component (AddParameter): Name = "Value"; Value = "1?F"; VariantName = "[No Variations]"
Add component (AddParameter): Name = "ValueManufacturerPartNumber"; Value = "Tantalum capacitor, 1?F, 35V, ±10%, 7.5Ohm, case A (3216), -55...+125°C"; VariantName = "[No Variations]"
Add component (AddParameter): Name = "Voltage"; Value = "35V"; VariantName = "[No Variations]"
Added Component: Designator=C14(CAP: 0603)
Add component. Clean all parameters for all variants
Add component (AddParameter): Name = "HelpURL"; Value = "https://www.digikey.com/product-detail/en/murata-electronics/GRM188R71H103KA01D/490-1512-2-ND/587151"; VariantName = "[No Variations]"
Add component (AddParameter): Name = "Manufacturer"; Value = "Murata Electronics"; VariantName = "[No Variations]"
Add component (AddParameter): Name = "Package"; Value = "0603"; VariantName = "[No Variations]"
Add component (AddParameter): Name = "PartNumber"; Value = "GRM188R71H103KA01D"; VariantName = "[No Variations]"
Add component (AddParameter): Name = "Temperature"; Value = "-55...+125°C"; VariantName = "[No Variations]"
Add component (AddParameter): Name = "Tolerance"; Value = "±10%"; VariantName = "[No Variations]"
Add component (AddParameter): Name = "TypeCapacitor"; Value = "Ceramic capacitor"; VariantName = "[No Variations]"
Add component (AddParameter): Name = "TypeDielectric"; Value = "X7R"; VariantName = "[No Variations]"
Add component (AddParameter): Name = "Value"; Value = "0.01?F"; VariantName = "[No Variations]"
Add component (AddParameter): Name = "ValueManufacturerPartNumber"; Value = "Ceramic capacitor, 0.01?F, X7R, ±10%, 50V, 0603, -55...+125°C"; VariantName = "[No Variations]"
Add component (AddParameter): Name = "Voltage"; Value = "50V"; VariantName = "[No Variations]"
Added Component: Designator=C15(CAP: TANTAL-A)
Add component. Clean all parameters for all variants
Add component (AddParameter): Name = "HelpURL"; Value = "https://www.digikey.com/product-detail/en/avx-corporation/TAJA105K035RNJ/478-1651-2-ND/563759"; VariantName = "[No Variations]"
Add component (AddParameter): Name = "Impedance"; Value = "7.5Ohm"; VariantName = "[No Variations]"
Add component (AddParameter): Name = "Manufacturer"; Value = "AVX"; VariantName = "[No Variations]"
Add component (AddParameter): Name = "Package"; Value = "case A (3216)"; VariantName = "[No Variations]"
Add component (AddParameter): Name = "PartNumber"; Value = "TAJA105K035RNJ"; VariantName = "[No Variations]"
Add component (AddParameter): Name = "Temperature"; Value = "-55...+125°C"; VariantName = "[No Variations]"
Add component (AddParameter): Name = "Tolerance"; Value = "±10%"; VariantName = "[No Variations]"
Add component (AddParameter): Name = "TypeCapacitor"; Value = "Tantalum capacitor"; VariantName = "[No Variations]"
Add component (AddParameter): Name = "TypeDielectric"; Value = ""; VariantName = "[No Variations]"
Add component (AddParameter): Name = "Value"; Value = "1?F"; VariantName = "[No Variations]"
Add component (AddParameter): Name = "ValueManufacturerPartNumber"; Value = "Tantalum capacitor, 1?F, 35V, ±10%, 7.5Ohm, case A (3216), -55...+125°C"; VariantName = "[No Variations]"
Add component (AddParameter): Name = "Voltage"; Value = "35V"; VariantName = "[No Variations]"
Added Component: Designator=C16(CAP: 0603)
Add component. Clean all parameters for all variants
Add component (AddParameter): Name = "HelpURL"; Value = "https://www.digikey.com/product-detail/en/murata-electronics/GRM188R71H103KA01D/490-1512-2-ND/587151"; VariantName = "[No Variations]"
Add component (AddParameter): Name = "Manufacturer"; Value = "Murata Electronics"; VariantName = "[No Variations]"
Add component (AddParameter): Name = "Package"; Value = "0603"; VariantName = "[No Variations]"
Add component (AddParameter): Name = "PartNumber"; Value = "GRM188R71H103KA01D"; VariantName = "[No Variations]"
Add component (AddParameter): Name = "Temperature"; Value = "-55...+125°C"; VariantName = "[No Variations]"
Add component (AddParameter): Name = "Tolerance"; Value = "±10%"; VariantName = "[No Variations]"
Add component (AddParameter): Name = "TypeCapacitor"; Value = "Ceramic capacitor"; VariantName = "[No Variations]"
Add component (AddParameter): Name = "TypeDielectric"; Value = "X7R"; VariantName = "[No Variations]"
Add component (AddParameter): Name = "Value"; Value = "0.01?F"; VariantName = "[No Variations]"
Add component (AddParameter): Name = "ValueManufacturerPartNumber"; Value = "Ceramic capacitor, 0.01?F, X7R, ±10%, 50V, 0603, -55...+125°C"; VariantName = "[No Variations]"
Add component (AddParameter): Name = "Voltage"; Value = "50V"; VariantName = "[No Variations]"
Added Component: Designator=C17(CAP: TANTAL-A)
Add component. Clean all parameters for all variants
Add component (AddParameter): Name = "HelpURL"; Value = "https://www.digikey.com/product-detail/en/avx-corporation/TAJA105K035RNJ/478-1651-2-ND/563759"; VariantName = "[No Variations]"
Add component (AddParameter): Name = "Impedance"; Value = "7.5Ohm"; VariantName = "[No Variations]"
Add component (AddParameter): Name = "Manufacturer"; Value = "AVX"; VariantName = "[No Variations]"
Add component (AddParameter): Name = "Package"; Value = "case A (3216)"; VariantName = "[No Variations]"
Add component (AddParameter): Name = "PartNumber"; Value = "TAJA105K035RNJ"; VariantName = "[No Variations]"
Add component (AddParameter): Name = "Temperature"; Value = "-55...+125°C"; VariantName = "[No Variations]"
Add component (AddParameter): Name = "Tolerance"; Value = "±10%"; VariantName = "[No Variations]"
Add component (AddParameter): Name = "TypeCapacitor"; Value = "Tantalum capacitor"; VariantName = "[No Variations]"
Add component (AddParameter): Name = "TypeDielectric"; Value = ""; VariantName = "[No Variations]"
Add component (AddParameter): Name = "Value"; Value = "1?F"; VariantName = "[No Variations]"
Add component (AddParameter): Name = "ValueManufacturerPartNumber"; Value = "Tantalum capacitor, 1?F, 35V, ±10%, 7.5Ohm, case A (3216), -55...+125°C"; VariantName = "[No Variations]"
Add component (AddParameter): Name = "Voltage"; Value = "35V"; VariantName = "[No Variations]"
Added Component: Designator=C18(CAP: 0603)
Add component. Clean all parameters for all variants
Add component (AddParameter): Name = "HelpURL"; Value = "https://www.digikey.com/product-detail/en/murata-electronics/GRM188R71H103KA01D/490-1512-2-ND/587151"; VariantName = "[No Variations]"
Add component (AddParameter): Name = "Manufacturer"; Value = "Murata Electronics"; VariantName = "[No Variations]"
Add component (AddParameter): Name = "Package"; Value = "0603"; VariantName = "[No Variations]"
Add component (AddParameter): Name = "PartNumber"; Value = "GRM188R71H103KA01D"; VariantName = "[No Variations]"
Add component (AddParameter): Name = "Temperature"; Value = "-55...+125°C"; VariantName = "[No Variations]"
Add component (AddParameter): Name = "Tolerance"; Value = "±10%"; VariantName = "[No Variations]"
Add component (AddParameter): Name = "TypeCapacitor"; Value = "Ceramic capacitor"; VariantName = "[No Variations]"
Add component (AddParameter): Name = "TypeDielectric"; Value = "X7R"; VariantName = "[No Variations]"
Add component (AddParameter): Name = "Value"; Value = "0.01?F"; VariantName = "[No Variations]"
Add component (AddParameter): Name = "ValueManufacturerPartNumber"; Value = "Ceramic capacitor, 0.01?F, X7R, ±10%, 50V, 0603, -55...+125°C"; VariantName = "[No Variations]"
Add component (AddParameter): Name = "Voltage"; Value = "50V"; VariantName = "[No Variations]"
Added Component: Designator=C19(CAP: TANTAL-A)
Add component. Clean all parameters for all variants
Add component (AddParameter): Name = "HelpURL"; Value = "https://www.digikey.com/product-detail/en/avx-corporation/TAJA105K035RNJ/478-1651-2-ND/563759"; VariantName = "[No Variations]"
Add component (AddParameter): Name = "Impedance"; Value = "7.5Ohm"; VariantName = "[No Variations]"
Add component (AddParameter): Name = "Manufacturer"; Value = "AVX"; VariantName = "[No Variations]"
Add component (AddParameter): Name = "Package"; Value = "case A (3216)"; VariantName = "[No Variations]"
Add component (AddParameter): Name = "PartNumber"; Value = "TAJA105K035RNJ"; VariantName = "[No Variations]"
Add component (AddParameter): Name = "Temperature"; Value = "-55...+125°C"; VariantName = "[No Variations]"
Add component (AddParameter): Name = "Tolerance"; Value = "±10%"; VariantName = "[No Variations]"
Add component (AddParameter): Name = "TypeCapacitor"; Value = "Tantalum capacitor"; VariantName = "[No Variations]"
Add component (AddParameter): Name = "TypeDielectric"; Value = ""; VariantName = "[No Variations]"
Add component (AddParameter): Name = "Value"; Value = "1?F"; VariantName = "[No Variations]"
Add component (AddParameter): Name = "ValueManufacturerPartNumber"; Value = "Tantalum capacitor, 1?F, 35V, ±10%, 7.5Ohm, case A (3216), -55...+125°C"; VariantName = "[No Variations]"
Add component (AddParameter): Name = "Voltage"; Value = "35V"; VariantName = "[No Variations]"
Added Component: Designator=C20(CAP: 0603)
Add component. Clean all parameters for all variants
Add component (AddParameter): Name = "HelpURL"; Value = "https://www.digikey.com/product-detail/en/murata-electronics/GRM188R71H103KA01D/490-1512-2-ND/587151"; VariantName = "[No Variations]"
Add component (AddParameter): Name = "Manufacturer"; Value = "Murata Electronics"; VariantName = "[No Variations]"
Add component (AddParameter): Name = "Package"; Value = "0603"; VariantName = "[No Variations]"
Add component (AddParameter): Name = "PartNumber"; Value = "GRM188R71H103KA01D"; VariantName = "[No Variations]"
Add component (AddParameter): Name = "Temperature"; Value = "-55...+125°C"; VariantName = "[No Variations]"
Add component (AddParameter): Name = "Tolerance"; Value = "±10%"; VariantName = "[No Variations]"
Add component (AddParameter): Name = "TypeCapacitor"; Value = "Ceramic capacitor"; VariantName = "[No Variations]"
Add component (AddParameter): Name = "TypeDielectric"; Value = "X7R"; VariantName = "[No Variations]"
Add component (AddParameter): Name = "Value"; Value = "0.01?F"; VariantName = "[No Variations]"
Add component (AddParameter): Name = "ValueManufacturerPartNumber"; Value = "Ceramic capacitor, 0.01?F, X7R, ±10%, 50V, 0603, -55...+125°C"; VariantName = "[No Variations]"
Add component (AddParameter): Name = "Voltage"; Value = "50V"; VariantName = "[No Variations]"
Added Component: Designator=C21(CAP: TANTAL-A)
Add component. Clean all parameters for all variants
Add component (AddParameter): Name = "HelpURL"; Value = "https://www.digikey.com/product-detail/en/avx-corporation/TAJA105K035RNJ/478-1651-2-ND/563759"; VariantName = "[No Variations]"
Add component (AddParameter): Name = "Impedance"; Value = "7.5Ohm"; VariantName = "[No Variations]"
Add component (AddParameter): Name = "Manufacturer"; Value = "AVX"; VariantName = "[No Variations]"
Add component (AddParameter): Name = "Package"; Value = "case A (3216)"; VariantName = "[No Variations]"
Add component (AddParameter): Name = "PartNumber"; Value = "TAJA105K035RNJ"; VariantName = "[No Variations]"
Add component (AddParameter): Name = "Temperature"; Value = "-55...+125°C"; VariantName = "[No Variations]"
Add component (AddParameter): Name = "Tolerance"; Value = "±10%"; VariantName = "[No Variations]"
Add component (AddParameter): Name = "TypeCapacitor"; Value = "Tantalum capacitor"; VariantName = "[No Variations]"
Add component (AddParameter): Name = "TypeDielectric"; Value = ""; VariantName = "[No Variations]"
Add component (AddParameter): Name = "Value"; Value = "1?F"; VariantName = "[No Variations]"
Add component (AddParameter): Name = "ValueManufacturerPartNumber"; Value = "Tantalum capacitor, 1?F, 35V, ±10%, 7.5Ohm, case A (3216), -55...+125°C"; VariantName = "[No Variations]"
Add component (AddParameter): Name = "Voltage"; Value = "35V"; VariantName = "[No Variations]"
Added Component: Designator=C22(CAP: 0603)
Add component. Clean all parameters for all variants
Add component (AddParameter): Name = "HelpURL"; Value = "https://www.digikey.com/product-detail/en/murata-electronics/GRM188R71H103KA01D/490-1512-2-ND/587151"; VariantName = "[No Variations]"
Add component (AddParameter): Name = "Manufacturer"; Value = "Murata Electronics"; VariantName = "[No Variations]"
Add component (AddParameter): Name = "Package"; Value = "0603"; VariantName = "[No Variations]"
Add component (AddParameter): Name = "PartNumber"; Value = "GRM188R71H103KA01D"; VariantName = "[No Variations]"
Add component (AddParameter): Name = "Temperature"; Value = "-55...+125°C"; VariantName = "[No Variations]"
Add component (AddParameter): Name = "Tolerance"; Value = "±10%"; VariantName = "[No Variations]"
Add component (AddParameter): Name = "TypeCapacitor"; Value = "Ceramic capacitor"; VariantName = "[No Variations]"
Add component (AddParameter): Name = "TypeDielectric"; Value = "X7R"; VariantName = "[No Variations]"
Add component (AddParameter): Name = "Value"; Value = "0.01?F"; VariantName = "[No Variations]"
Add component (AddParameter): Name = "ValueManufacturerPartNumber"; Value = "Ceramic capacitor, 0.01?F, X7R, ±10%, 50V, 0603, -55...+125°C"; VariantName = "[No Variations]"
Add component (AddParameter): Name = "Voltage"; Value = "50V"; VariantName = "[No Variations]"
Added Component: Designator=C23(CAP: TANTAL-A)
Add component. Clean all parameters for all variants
Add component (AddParameter): Name = "HelpURL"; Value = "https://www.digikey.com/product-detail/en/avx-corporation/TAJA105K035RNJ/478-1651-2-ND/563759"; VariantName = "[No Variations]"
Add component (AddParameter): Name = "Impedance"; Value = "7.5Ohm"; VariantName = "[No Variations]"
Add component (AddParameter): Name = "Manufacturer"; Value = "AVX"; VariantName = "[No Variations]"
Add component (AddParameter): Name = "Package"; Value = "case A (3216)"; VariantName = "[No Variations]"
Add component (AddParameter): Name = "PartNumber"; Value = "TAJA105K035RNJ"; VariantName = "[No Variations]"
Add component (AddParameter): Name = "Temperature"; Value = "-55...+125°C"; VariantName = "[No Variations]"
Add component (AddParameter): Name = "Tolerance"; Value = "±10%"; VariantName = "[No Variations]"
Add component (AddParameter): Name = "TypeCapacitor"; Value = "Tantalum capacitor"; VariantName = "[No Variations]"
Add component (AddParameter): Name = "TypeDielectric"; Value = ""; VariantName = "[No Variations]"
Add component (AddParameter): Name = "Value"; Value = "1?F"; VariantName = "[No Variations]"
Add component (AddParameter): Name = "ValueManufacturerPartNumber"; Value = "Tantalum capacitor, 1?F, 35V, ±10%, 7.5Ohm, case A (3216), -55...+125°C"; VariantName = "[No Variations]"
Add component (AddParameter): Name = "Voltage"; Value = "35V"; VariantName = "[No Variations]"
Added Component: Designator=C24(CAP: 0603)
Add component. Clean all parameters for all variants
Add component (AddParameter): Name = "HelpURL"; Value = "https://www.digikey.com/product-detail/en/murata-electronics/GRM188R71H103KA01D/490-1512-2-ND/587151"; VariantName = "[No Variations]"
Add component (AddParameter): Name = "Manufacturer"; Value = "Murata Electronics"; VariantName = "[No Variations]"
Add component (AddParameter): Name = "Package"; Value = "0603"; VariantName = "[No Variations]"
Add component (AddParameter): Name = "PartNumber"; Value = "GRM188R71H103KA01D"; VariantName = "[No Variations]"
Add component (AddParameter): Name = "Temperature"; Value = "-55...+125°C"; VariantName = "[No Variations]"
Add component (AddParameter): Name = "Tolerance"; Value = "±10%"; VariantName = "[No Variations]"
Add component (AddParameter): Name = "TypeCapacitor"; Value = "Ceramic capacitor"; VariantName = "[No Variations]"
Add component (AddParameter): Name = "TypeDielectric"; Value = "X7R"; VariantName = "[No Variations]"
Add component (AddParameter): Name = "Value"; Value = "0.01?F"; VariantName = "[No Variations]"
Add component (AddParameter): Name = "ValueManufacturerPartNumber"; Value = "Ceramic capacitor, 0.01?F, X7R, ±10%, 50V, 0603, -55...+125°C"; VariantName = "[No Variations]"
Add component (AddParameter): Name = "Voltage"; Value = "50V"; VariantName = "[No Variations]"
Added Component: Designator=D1(MBI5050GP)
Add component. Clean all parameters for all variants
Add component (AddParameter): Name = "Case"; Value = "SSOP24L-150-0.64"; VariantName = "[No Variations]"
Add component (AddParameter): Name = "HelpURL"; Value = "https://www.electronshik.ru/item/MBI/MBI5050GP"; VariantName = "[No Variations]"
Add component (AddParameter): Name = "Manufacture"; Value = "Macroblock"; VariantName = "[No Variations]"
Add component (AddParameter): Name = "Model"; Value = "MBI5050GP"; VariantName = "[No Variations]"
Added Component: Designator=D2(MBI5050GP)
Add component. Clean all parameters for all variants
Add component (AddParameter): Name = "Case"; Value = "SSOP24L-150-0.64"; VariantName = "[No Variations]"
Add component (AddParameter): Name = "HelpURL"; Value = "https://www.electronshik.ru/item/MBI/MBI5050GP"; VariantName = "[No Variations]"
Add component (AddParameter): Name = "Manufacture"; Value = "Macroblock"; VariantName = "[No Variations]"
Add component (AddParameter): Name = "Model"; Value = "MBI5050GP"; VariantName = "[No Variations]"
Added Component: Designator=D3(MBI5050GP)
Add component. Clean all parameters for all variants
Add component (AddParameter): Name = "Case"; Value = "SSOP24L-150-0.64"; VariantName = "[No Variations]"
Add component (AddParameter): Name = "HelpURL"; Value = "https://www.electronshik.ru/item/MBI/MBI5050GP"; VariantName = "[No Variations]"
Add component (AddParameter): Name = "Manufacture"; Value = "Macroblock"; VariantName = "[No Variations]"
Add component (AddParameter): Name = "Model"; Value = "MBI5050GP"; VariantName = "[No Variations]"
Added Component: Designator=D4(MBI5050GP)
Add component. Clean all parameters for all variants
Add component (AddParameter): Name = "Case"; Value = "SSOP24L-150-0.64"; VariantName = "[No Variations]"
Add component (AddParameter): Name = "HelpURL"; Value = "https://www.electronshik.ru/item/MBI/MBI5050GP"; VariantName = "[No Variations]"
Add component (AddParameter): Name = "Manufacture"; Value = "Macroblock"; VariantName = "[No Variations]"
Add component (AddParameter): Name = "Model"; Value = "MBI5050GP"; VariantName = "[No Variations]"
Added Component: Designator=D5(MBI5050GP)
Add component. Clean all parameters for all variants
Add component (AddParameter): Name = "Case"; Value = "SSOP24L-150-0.64"; VariantName = "[No Variations]"
Add component (AddParameter): Name = "HelpURL"; Value = "https://www.electronshik.ru/item/MBI/MBI5050GP"; VariantName = "[No Variations]"
Add component (AddParameter): Name = "Manufacture"; Value = "Macroblock"; VariantName = "[No Variations]"
Add component (AddParameter): Name = "Model"; Value = "MBI5050GP"; VariantName = "[No Variations]"
Added Component: Designator=D6(MBI5050GP)
Add component. Clean all parameters for all variants
Add component (AddParameter): Name = "Case"; Value = "SSOP24L-150-0.64"; VariantName = "[No Variations]"
Add component (AddParameter): Name = "HelpURL"; Value = "https://www.electronshik.ru/item/MBI/MBI5050GP"; VariantName = "[No Variations]"
Add component (AddParameter): Name = "Manufacture"; Value = "Macroblock"; VariantName = "[No Variations]"
Add component (AddParameter): Name = "Model"; Value = "MBI5050GP"; VariantName = "[No Variations]"
Added Component: Designator=D7(MBI5050GP)
Add component. Clean all parameters for all variants
Add component (AddParameter): Name = "Case"; Value = "SSOP24L-150-0.64"; VariantName = "[No Variations]"
Add component (AddParameter): Name = "HelpURL"; Value = "https://www.electronshik.ru/item/MBI/MBI5050GP"; VariantName = "[No Variations]"
Add component (AddParameter): Name = "Manufacture"; Value = "Macroblock"; VariantName = "[No Variations]"
Add component (AddParameter): Name = "Model"; Value = "MBI5050GP"; VariantName = "[No Variations]"
Added Component: Designator=D8(MBI5050GP)
Add component. Clean all parameters for all variants
Add component (AddParameter): Name = "Case"; Value = "SSOP24L-150-0.64"; VariantName = "[No Variations]"
Add component (AddParameter): Name = "HelpURL"; Value = "https://www.electronshik.ru/item/MBI/MBI5050GP"; VariantName = "[No Variations]"
Add component (AddParameter): Name = "Manufacture"; Value = "Macroblock"; VariantName = "[No Variations]"
Add component (AddParameter): Name = "Model"; Value = "MBI5050GP"; VariantName = "[No Variations]"
Added Component: Designator=D9(MBI5050GP)
Add component. Clean all parameters for all variants
Add component (AddParameter): Name = "Case"; Value = "SSOP24L-150-0.64"; VariantName = "[No Variations]"
Add component (AddParameter): Name = "HelpURL"; Value = "https://www.electronshik.ru/item/MBI/MBI5050GP"; VariantName = "[No Variations]"
Add component (AddParameter): Name = "Manufacture"; Value = "Macroblock"; VariantName = "[No Variations]"
Add component (AddParameter): Name = "Model"; Value = "MBI5050GP"; VariantName = "[No Variations]"
Added Component: Designator=D10(MBI5050GP)
Add component. Clean all parameters for all variants
Add component (AddParameter): Name = "Case"; Value = "SSOP24L-150-0.64"; VariantName = "[No Variations]"
Add component (AddParameter): Name = "HelpURL"; Value = "https://www.electronshik.ru/item/MBI/MBI5050GP"; VariantName = "[No Variations]"
Add component (AddParameter): Name = "Manufacture"; Value = "Macroblock"; VariantName = "[No Variations]"
Add component (AddParameter): Name = "Model"; Value = "MBI5050GP"; VariantName = "[No Variations]"
Added Component: Designator=D11(MBI5050GP)
Add component. Clean all parameters for all variants
Add component (AddParameter): Name = "Case"; Value = "SSOP24L-150-0.64"; VariantName = "[No Variations]"
Add component (AddParameter): Name = "HelpURL"; Value = "https://www.electronshik.ru/item/MBI/MBI5050GP"; VariantName = "[No Variations]"
Add component (AddParameter): Name = "Manufacture"; Value = "Macroblock"; VariantName = "[No Variations]"
Add component (AddParameter): Name = "Model"; Value = "MBI5050GP"; VariantName = "[No Variations]"
Added Component: Designator=D12(MBI5050GP)
Add component. Clean all parameters for all variants
Add component (AddParameter): Name = "Case"; Value = "SSOP24L-150-0.64"; VariantName = "[No Variations]"
Add component (AddParameter): Name = "HelpURL"; Value = "https://www.electronshik.ru/item/MBI/MBI5050GP"; VariantName = "[No Variations]"
Add component (AddParameter): Name = "Manufacture"; Value = "Macroblock"; VariantName = "[No Variations]"
Add component (AddParameter): Name = "Model"; Value = "MBI5050GP"; VariantName = "[No Variations]"
Added Component: Designator=R1(RES: 0603)
Add component. Clean all parameters for all variants
Add component (AddParameter): Name = "HelpURL"; Value = "https://www.digikey.com/en/products/detail/yageo/RC0603FR-0775RL/727377?s=N4IgTCBcDaIEoGEAMA2JBmAYnAtEg7PgKxwAyIAugL5A"; VariantName = "[No Variations]"
Add component (AddParameter): Name = "Manufacturer"; Value = "Yageo"; VariantName = "[No Variations]"
Add component (AddParameter): Name = "Package"; Value = "0603"; VariantName = "[No Variations]"
Add component (AddParameter): Name = "PartNumber"; Value = "RC0603FR-0775RL"; VariantName = "[No Variations]"
Add component (AddParameter): Name = "Power"; Value = "0.1W"; VariantName = "[No Variations]"
Add component (AddParameter): Name = "Temperature"; Value = "-55...+155°C"; VariantName = "[No Variations]"
Add component (AddParameter): Name = "Tolerance"; Value = "±1%"; VariantName = "[No Variations]"
Add component (AddParameter): Name = "TypeResistor"; Value = "Resistor film"; VariantName = "[No Variations]"
Add component (AddParameter): Name = "Value"; Value = "75"; VariantName = "[No Variations]"
Add component (AddParameter): Name = "ValueManufacturerPartNumber"; Value = "Resistor film, 75, ±1%, 0603, 0.1W, -55...+155°C"; VariantName = "[No Variations]"
Added Component: Designator=R2(RES: 0603)
Add component. Clean all parameters for all variants
Add component (AddParameter): Name = "HelpURL"; Value = "https://www.digikey.com/en/products/detail/yageo/RC0603FR-0751RL/727281?s=N4IgTCBcDaIEoGEAMA2JBmAYnAtEg7AKwCMcAMiALoC%2BQA"; VariantName = "[No Variations]"
Add component (AddParameter): Name = "Manufacturer"; Value = "Yageo"; VariantName = "[No Variations]"
Add component (AddParameter): Name = "Package"; Value = "0603"; VariantName = "[No Variations]"
Add component (AddParameter): Name = "PartNumber"; Value = "RC0603FR-0751RL"; VariantName = "[No Variations]"
Add component (AddParameter): Name = "Power"; Value = "0.1W"; VariantName = "[No Variations]"
Add component (AddParameter): Name = "Temperature"; Value = "-55...+155°C"; VariantName = "[No Variations]"
Add component (AddParameter): Name = "Tolerance"; Value = "±1%"; VariantName = "[No Variations]"
Add component (AddParameter): Name = "TypeResistor"; Value = "Resistor film"; VariantName = "[No Variations]"
Add component (AddParameter): Name = "Value"; Value = "51"; VariantName = "[No Variations]"
Add component (AddParameter): Name = "ValueManufacturerPartNumber"; Value = "Resistor film, 51, ±1%, 0603, 0.1W, -55...+155°C"; VariantName = "[No Variations]"
Added Component: Designator=R3(RES: 0603)
Add component. Clean all parameters for all variants
Add component (AddParameter): Name = "HelpURL"; Value = "https://www.digikey.com/en/products/detail/yageo/RC0603FR-0751RL/727281?s=N4IgTCBcDaIEoGEAMA2JBmAYnAtEg7AKwCMcAMiALoC%2BQA"; VariantName = "[No Variations]"
Add component (AddParameter): Name = "Manufacturer"; Value = "Yageo"; VariantName = "[No Variations]"
Add component (AddParameter): Name = "Package"; Value = "0603"; VariantName = "[No Variations]"
Add component (AddParameter): Name = "PartNumber"; Value = "RC0603FR-0751RL"; VariantName = "[No Variations]"
Add component (AddParameter): Name = "Power"; Value = "0.1W"; VariantName = "[No Variations]"
Add component (AddParameter): Name = "Temperature"; Value = "-55...+155°C"; VariantName = "[No Variations]"
Add component (AddParameter): Name = "Tolerance"; Value = "±1%"; VariantName = "[No Variations]"
Add component (AddParameter): Name = "TypeResistor"; Value = "Resistor film"; VariantName = "[No Variations]"
Add component (AddParameter): Name = "Value"; Value = "51"; VariantName = "[No Variations]"
Add component (AddParameter): Name = "ValueManufacturerPartNumber"; Value = "Resistor film, 51, ±1%, 0603, 0.1W, -55...+155°C"; VariantName = "[No Variations]"
Added Component: Designator=R4(RES: 0603)
Add component. Clean all parameters for all variants
Add component (AddParameter): Name = "HelpURL"; Value = "https://www.digikey.com/en/products/detail/yageo/RC0603FR-0775RL/727377?s=N4IgTCBcDaIEoGEAMA2JBmAYnAtEg7PgKxwAyIAugL5A"; VariantName = "[No Variations]"
Add component (AddParameter): Name = "Manufacturer"; Value = "Yageo"; VariantName = "[No Variations]"
Add component (AddParameter): Name = "Package"; Value = "0603"; VariantName = "[No Variations]"
Add component (AddParameter): Name = "PartNumber"; Value = "RC0603FR-0775RL"; VariantName = "[No Variations]"
Add component (AddParameter): Name = "Power"; Value = "0.1W"; VariantName = "[No Variations]"
Add component (AddParameter): Name = "Temperature"; Value = "-55...+155°C"; VariantName = "[No Variations]"
Add component (AddParameter): Name = "Tolerance"; Value = "±1%"; VariantName = "[No Variations]"
Add component (AddParameter): Name = "TypeResistor"; Value = "Resistor film"; VariantName = "[No Variations]"
Add component (AddParameter): Name = "Value"; Value = "75"; VariantName = "[No Variations]"
Add component (AddParameter): Name = "ValueManufacturerPartNumber"; Value = "Resistor film, 75, ±1%, 0603, 0.1W, -55...+155°C"; VariantName = "[No Variations]"
Added Component: Designator=R5(RES: 0603)
Add component. Clean all parameters for all variants
Add component (AddParameter): Name = "HelpURL"; Value = "https://www.digikey.com/en/products/detail/yageo/RC0603FR-0775RL/727377?s=N4IgTCBcDaIEoGEAMA2JBmAYnAtEg7PgKxwAyIAugL5A"; VariantName = "[No Variations]"
Add component (AddParameter): Name = "Manufacturer"; Value = "Yageo"; VariantName = "[No Variations]"
Add component (AddParameter): Name = "Package"; Value = "0603"; VariantName = "[No Variations]"
Add component (AddParameter): Name = "PartNumber"; Value = "RC0603FR-0775RL"; VariantName = "[No Variations]"
Add component (AddParameter): Name = "Power"; Value = "0.1W"; VariantName = "[No Variations]"
Add component (AddParameter): Name = "Temperature"; Value = "-55...+155°C"; VariantName = "[No Variations]"
Add component (AddParameter): Name = "Tolerance"; Value = "±1%"; VariantName = "[No Variations]"
Add component (AddParameter): Name = "TypeResistor"; Value = "Resistor film"; VariantName = "[No Variations]"
Add component (AddParameter): Name = "Value"; Value = "75"; VariantName = "[No Variations]"
Add component (AddParameter): Name = "ValueManufacturerPartNumber"; Value = "Resistor film, 75, ±1%, 0603, 0.1W, -55...+155°C"; VariantName = "[No Variations]"
Added Component: Designator=R6(RES: 0603)
Add component. Clean all parameters for all variants
Add component (AddParameter): Name = "HelpURL"; Value = "https://www.digikey.com/en/products/detail/yageo/RC0603FR-0775RL/727377?s=N4IgTCBcDaIEoGEAMA2JBmAYnAtEg7PgKxwAyIAugL5A"; VariantName = "[No Variations]"
Add component (AddParameter): Name = "Manufacturer"; Value = "Yageo"; VariantName = "[No Variations]"
Add component (AddParameter): Name = "Package"; Value = "0603"; VariantName = "[No Variations]"
Add component (AddParameter): Name = "PartNumber"; Value = "RC0603FR-0775RL"; VariantName = "[No Variations]"
Add component (AddParameter): Name = "Power"; Value = "0.1W"; VariantName = "[No Variations]"
Add component (AddParameter): Name = "Temperature"; Value = "-55...+155°C"; VariantName = "[No Variations]"
Add component (AddParameter): Name = "Tolerance"; Value = "±1%"; VariantName = "[No Variations]"
Add component (AddParameter): Name = "TypeResistor"; Value = "Resistor film"; VariantName = "[No Variations]"
Add component (AddParameter): Name = "Value"; Value = "75"; VariantName = "[No Variations]"
Add component (AddParameter): Name = "ValueManufacturerPartNumber"; Value = "Resistor film, 75, ±1%, 0603, 0.1W, -55...+155°C"; VariantName = "[No Variations]"
Added Component: Designator=R7(RES: 0603)
Add component. Clean all parameters for all variants
Add component (AddParameter): Name = "HelpURL"; Value = "https://www.digikey.com/en/products/detail/yageo/RC0603FR-0775RL/727377?s=N4IgTCBcDaIEoGEAMA2JBmAYnAtEg7PgKxwAyIAugL5A"; VariantName = "[No Variations]"
Add component (AddParameter): Name = "Manufacturer"; Value = "Yageo"; VariantName = "[No Variations]"
Add component (AddParameter): Name = "Package"; Value = "0603"; VariantName = "[No Variations]"
Add component (AddParameter): Name = "PartNumber"; Value = "RC0603FR-0775RL"; VariantName = "[No Variations]"
Add component (AddParameter): Name = "Power"; Value = "0.1W"; VariantName = "[No Variations]"
Add component (AddParameter): Name = "Temperature"; Value = "-55...+155°C"; VariantName = "[No Variations]"
Add component (AddParameter): Name = "Tolerance"; Value = "±1%"; VariantName = "[No Variations]"
Add component (AddParameter): Name = "TypeResistor"; Value = "Resistor film"; VariantName = "[No Variations]"
Add component (AddParameter): Name = "Value"; Value = "75"; VariantName = "[No Variations]"
Add component (AddParameter): Name = "ValueManufacturerPartNumber"; Value = "Resistor film, 75, ±1%, 0603, 0.1W, -55...+155°C"; VariantName = "[No Variations]"
Added Component: Designator=R8(RES: 0603)
Add component. Clean all parameters for all variants
Add component (AddParameter): Name = "HelpURL"; Value = "https://www.digikey.com/en/products/detail/yageo/RC0603FR-0775RL/727377?s=N4IgTCBcDaIEoGEAMA2JBmAYnAtEg7PgKxwAyIAugL5A"; VariantName = "[No Variations]"
Add component (AddParameter): Name = "Manufacturer"; Value = "Yageo"; VariantName = "[No Variations]"
Add component (AddParameter): Name = "Package"; Value = "0603"; VariantName = "[No Variations]"
Add component (AddParameter): Name = "PartNumber"; Value = "RC0603FR-0775RL"; VariantName = "[No Variations]"
Add component (AddParameter): Name = "Power"; Value = "0.1W"; VariantName = "[No Variations]"
Add component (AddParameter): Name = "Temperature"; Value = "-55...+155°C"; VariantName = "[No Variations]"
Add component (AddParameter): Name = "Tolerance"; Value = "±1%"; VariantName = "[No Variations]"
Add component (AddParameter): Name = "TypeResistor"; Value = "Resistor film"; VariantName = "[No Variations]"
Add component (AddParameter): Name = "Value"; Value = "75"; VariantName = "[No Variations]"
Add component (AddParameter): Name = "ValueManufacturerPartNumber"; Value = "Resistor film, 75, ±1%, 0603, 0.1W, -55...+155°C"; VariantName = "[No Variations]"
Added Component: Designator=R9(RES: 0603)
Add component. Clean all parameters for all variants
Add component (AddParameter): Name = "HelpURL"; Value = "https://www.digikey.com/en/products/detail/yageo/RC0603FR-0775RL/727377?s=N4IgTCBcDaIEoGEAMA2JBmAYnAtEg7PgKxwAyIAugL5A"; VariantName = "[No Variations]"
Add component (AddParameter): Name = "Manufacturer"; Value = "Yageo"; VariantName = "[No Variations]"
Add component (AddParameter): Name = "Package"; Value = "0603"; VariantName = "[No Variations]"
Add component (AddParameter): Name = "PartNumber"; Value = "RC0603FR-0775RL"; VariantName = "[No Variations]"
Add component (AddParameter): Name = "Power"; Value = "0.1W"; VariantName = "[No Variations]"
Add component (AddParameter): Name = "Temperature"; Value = "-55...+155°C"; VariantName = "[No Variations]"
Add component (AddParameter): Name = "Tolerance"; Value = "±1%"; VariantName = "[No Variations]"
Add component (AddParameter): Name = "TypeResistor"; Value = "Resistor film"; VariantName = "[No Variations]"
Add component (AddParameter): Name = "Value"; Value = "75"; VariantName = "[No Variations]"
Add component (AddParameter): Name = "ValueManufacturerPartNumber"; Value = "Resistor film, 75, ±1%, 0603, 0.1W, -55...+155°C"; VariantName = "[No Variations]"
Added Component: Designator=R10(RES: 0603)
Add component. Clean all parameters for all variants
Add component (AddParameter): Name = "HelpURL"; Value = "https://www.digikey.com/en/products/detail/yageo/RC0603FR-0775RL/727377?s=N4IgTCBcDaIEoGEAMA2JBmAYnAtEg7PgKxwAyIAugL5A"; VariantName = "[No Variations]"
Add component (AddParameter): Name = "Manufacturer"; Value = "Yageo"; VariantName = "[No Variations]"
Add component (AddParameter): Name = "Package"; Value = "0603"; VariantName = "[No Variations]"
Add component (AddParameter): Name = "PartNumber"; Value = "RC0603FR-0775RL"; VariantName = "[No Variations]"
Add component (AddParameter): Name = "Power"; Value = "0.1W"; VariantName = "[No Variations]"
Add component (AddParameter): Name = "Temperature"; Value = "-55...+155°C"; VariantName = "[No Variations]"
Add component (AddParameter): Name = "Tolerance"; Value = "±1%"; VariantName = "[No Variations]"
Add component (AddParameter): Name = "TypeResistor"; Value = "Resistor film"; VariantName = "[No Variations]"
Add component (AddParameter): Name = "Value"; Value = "75"; VariantName = "[No Variations]"
Add component (AddParameter): Name = "ValueManufacturerPartNumber"; Value = "Resistor film, 75, ±1%, 0603, 0.1W, -55...+155°C"; VariantName = "[No Variations]"
Added Component: Designator=R11(RES: 0603)
Add component. Clean all parameters for all variants
Add component (AddParameter): Name = "HelpURL"; Value = "https://www.digikey.com/en/products/detail/yageo/RC0603FR-0775RL/727377?s=N4IgTCBcDaIEoGEAMA2JBmAYnAtEg7PgKxwAyIAugL5A"; VariantName = "[No Variations]"
Add component (AddParameter): Name = "Manufacturer"; Value = "Yageo"; VariantName = "[No Variations]"
Add component (AddParameter): Name = "Package"; Value = "0603"; VariantName = "[No Variations]"
Add component (AddParameter): Name = "PartNumber"; Value = "RC0603FR-0775RL"; VariantName = "[No Variations]"
Add component (AddParameter): Name = "Power"; Value = "0.1W"; VariantName = "[No Variations]"
Add component (AddParameter): Name = "Temperature"; Value = "-55...+155°C"; VariantName = "[No Variations]"
Add component (AddParameter): Name = "Tolerance"; Value = "±1%"; VariantName = "[No Variations]"
Add component (AddParameter): Name = "TypeResistor"; Value = "Resistor film"; VariantName = "[No Variations]"
Add component (AddParameter): Name = "Value"; Value = "75"; VariantName = "[No Variations]"
Add component (AddParameter): Name = "ValueManufacturerPartNumber"; Value = "Resistor film, 75, ±1%, 0603, 0.1W, -55...+155°C"; VariantName = "[No Variations]"
Added Component: Designator=R12(RES: 0603)
Add component. Clean all parameters for all variants
Add component (AddParameter): Name = "HelpURL"; Value = "https://www.digikey.com/en/products/detail/yageo/RC0603FR-0775RL/727377?s=N4IgTCBcDaIEoGEAMA2JBmAYnAtEg7PgKxwAyIAugL5A"; VariantName = "[No Variations]"
Add component (AddParameter): Name = "Manufacturer"; Value = "Yageo"; VariantName = "[No Variations]"
Add component (AddParameter): Name = "Package"; Value = "0603"; VariantName = "[No Variations]"
Add component (AddParameter): Name = "PartNumber"; Value = "RC0603FR-0775RL"; VariantName = "[No Variations]"
Add component (AddParameter): Name = "Power"; Value = "0.1W"; VariantName = "[No Variations]"
Add component (AddParameter): Name = "Temperature"; Value = "-55...+155°C"; VariantName = "[No Variations]"
Add component (AddParameter): Name = "Tolerance"; Value = "±1%"; VariantName = "[No Variations]"
Add component (AddParameter): Name = "TypeResistor"; Value = "Resistor film"; VariantName = "[No Variations]"
Add component (AddParameter): Name = "Value"; Value = "75"; VariantName = "[No Variations]"
Add component (AddParameter): Name = "ValueManufacturerPartNumber"; Value = "Resistor film, 75, ±1%, 0603, 0.1W, -55...+155°C"; VariantName = "[No Variations]"
Added Component: Designator=X1(CON: PLS-2)
Add component. Clean all parameters for all variants
Add component (AddParameter): Name = "CommentText"; Value = ""Ðàçúåì""; VariantName = "[No Variations]"
Add component (AddParameter): Name = "CurrentMax"; Value = "3A"; VariantName = "[No Variations]"
Add component (AddParameter): Name = "HelpURL"; Value = "https://www.chipdip.ru/product/pls-2"; VariantName = "[No Variations]"
Add component (AddParameter): Name = "Manufacturer"; Value = "Connfly"; VariantName = "[No Variations]"
Add component (AddParameter): Name = "Multichannel"; Value = "2pin"; VariantName = "[No Variations]"
Add component (AddParameter): Name = "PartNumber"; Value = "PLS-2"; VariantName = "[No Variations]"
Add component (AddParameter): Name = "Pitch"; Value = "2.54mm"; VariantName = "[No Variations]"
Add component (AddParameter): Name = "TypeConnector"; Value = "Connector"; VariantName = "[No Variations]"
Add component (AddParameter): Name = "ValueManufacturerPartNumber"; Value = "Connector, 2pin, 2.54mm, 500VAC, 3A"; VariantName = "[No Variations]"
Add component (AddParameter): Name = "VoltageMax"; Value = "500VAC"; VariantName = "[No Variations]"
Added Component: Designator=X2(CON: TE 1-770166-0)
Add component. Clean all parameters for all variants
Add component (AddParameter): Name = "CommentText"; Value = ""Ðàçúåì""; VariantName = "[No Variations]"
Add component (AddParameter): Name = "CurrentMax"; Value = "9.5A"; VariantName = "[No Variations]"
Add component (AddParameter): Name = "HelpURL"; Value = "https://www.chipdip.ru/product1/8001994596?from=suggest_product"; VariantName = "[No Variations]"
Add component (AddParameter): Name = "Manufacturer"; Value = "TE Connectivity"; VariantName = "[No Variations]"
Add component (AddParameter): Name = "Multichannel"; Value = "2pin"; VariantName = "[No Variations]"
Add component (AddParameter): Name = "PartNumber"; Value = "1-770166-0"; VariantName = "[No Variations]"
Add component (AddParameter): Name = "Pitch"; Value = "4.14mm"; VariantName = "[No Variations]"
Add component (AddParameter): Name = "TypeConnector"; Value = "Connector"; VariantName = "[No Variations]"
Add component (AddParameter): Name = "ValueManufacturerPartNumber"; Value = "Connector, 2pin, 4.14mm, 600VAC, 9.5A"; VariantName = "[No Variations]"
Add component (AddParameter): Name = "VoltageMax"; Value = "600VAC"; VariantName = "[No Variations]"
Added Component: Designator=X3(CON: PBS-20)
Add component. Clean all parameters for all variants
Add component (AddParameter): Name = "CommentText"; Value = ""Ðàçúåì""; VariantName = "[No Variations]"
Add component (AddParameter): Name = "CurrentMax"; Value = "3A"; VariantName = "[No Variations]"
Add component (AddParameter): Name = "HelpURL"; Value = "https://www.chipdip.ru/product/pbs20"; VariantName = "[No Variations]"
Add component (AddParameter): Name = "Manufacturer"; Value = "Connfly"; VariantName = "[No Variations]"
Add component (AddParameter): Name = "Multichannel"; Value = "20pin"; VariantName = "[No Variations]"
Add component (AddParameter): Name = "PartNumber"; Value = "PBS-20"; VariantName = "[No Variations]"
Add component (AddParameter): Name = "Pitch"; Value = "2.54mm"; VariantName = "[No Variations]"
Add component (AddParameter): Name = "TypeConnector"; Value = "Connector"; VariantName = "[No Variations]"
Add component (AddParameter): Name = "ValueManufacturerPartNumber"; Value = "Connector, 20pin, 2.54mm, 500VAC, 3A"; VariantName = "[No Variations]"
Add component (AddParameter): Name = "VoltageMax"; Value = "500VAC"; VariantName = "[No Variations]"
Added Component: Designator=X4(CON: PBS-20)
Add component. Clean all parameters for all variants
Add component (AddParameter): Name = "CommentText"; Value = ""Ðàçúåì""; VariantName = "[No Variations]"
Add component (AddParameter): Name = "CurrentMax"; Value = "3A"; VariantName = "[No Variations]"
Add component (AddParameter): Name = "HelpURL"; Value = "https://www.chipdip.ru/product/pbs20"; VariantName = "[No Variations]"
Add component (AddParameter): Name = "Manufacturer"; Value = "Connfly"; VariantName = "[No Variations]"
Add component (AddParameter): Name = "Multichannel"; Value = "20pin"; VariantName = "[No Variations]"
Add component (AddParameter): Name = "PartNumber"; Value = "PBS-20"; VariantName = "[No Variations]"
Add component (AddParameter): Name = "Pitch"; Value = "2.54mm"; VariantName = "[No Variations]"
Add component (AddParameter): Name = "TypeConnector"; Value = "Connector"; VariantName = "[No Variations]"
Add component (AddParameter): Name = "ValueManufacturerPartNumber"; Value = "Connector, 20pin, 2.54mm, 500VAC, 3A"; VariantName = "[No Variations]"
Add component (AddParameter): Name = "VoltageMax"; Value = "500VAC"; VariantName = "[No Variations]"
Added Component: Designator=X5(CON: PLS-14)
Add component. Clean all parameters for all variants
Add component (AddParameter): Name = "CommentText"; Value = ""Ðàçúåì""; VariantName = "[No Variations]"
Add component (AddParameter): Name = "CurrentMax"; Value = "3A"; VariantName = "[No Variations]"
Add component (AddParameter): Name = "HelpURL"; Value = "https://www.chipdip.ru/product/pls-14"; VariantName = "[No Variations]"
Add component (AddParameter): Name = "Manufacturer"; Value = "Connfly"; VariantName = "[No Variations]"
Add component (AddParameter): Name = "Multichannel"; Value = "14pin"; VariantName = "[No Variations]"
Add component (AddParameter): Name = "PartNumber"; Value = "PLS-14"; VariantName = "[No Variations]"
Add component (AddParameter): Name = "Pitch"; Value = "2.54mm"; VariantName = "[No Variations]"
Add component (AddParameter): Name = "TypeConnector"; Value = "Connector"; VariantName = "[No Variations]"
Add component (AddParameter): Name = "ValueManufacturerPartNumber"; Value = "Connector, 14pin, 2.54mm, 500VAC, 3A"; VariantName = "[No Variations]"
Add component (AddParameter): Name = "VoltageMax"; Value = "500VAC"; VariantName = "[No Variations]"
Added Component: Designator=X6(CON: PLS-16)
Add component. Clean all parameters for all variants
Add component (AddParameter): Name = "CommentText"; Value = ""Ðàçúåì""; VariantName = "[No Variations]"
Add component (AddParameter): Name = "CurrentMax"; Value = "3A"; VariantName = "[No Variations]"
Add component (AddParameter): Name = "HelpURL"; Value = "https://www.chipdip.ru/product/pls-16"; VariantName = "[No Variations]"
Add component (AddParameter): Name = "Manufacturer"; Value = "Connfly"; VariantName = "[No Variations]"
Add component (AddParameter): Name = "Multichannel"; Value = "16pin"; VariantName = "[No Variations]"
Add component (AddParameter): Name = "PartNumber"; Value = "PLS-16"; VariantName = "[No Variations]"
Add component (AddParameter): Name = "Pitch"; Value = "2.54mm"; VariantName = "[No Variations]"
Add component (AddParameter): Name = "TypeConnector"; Value = "Connector"; VariantName = "[No Variations]"
Add component (AddParameter): Name = "ValueManufacturerPartNumber"; Value = "Connector, 16pin, 2.54mm, 500VAC, 3A"; VariantName = "[No Variations]"
Add component (AddParameter): Name = "VoltageMax"; Value = "500VAC"; VariantName = "[No Variations]"
Added Component: Designator=X7(CON: PBS-8)
Add component. Clean all parameters for all variants
Add component (AddParameter): Name = "CommentText"; Value = ""Ðàçúåì""; VariantName = "[No Variations]"
Add component (AddParameter): Name = "CurrentMax"; Value = "3A"; VariantName = "[No Variations]"
Add component (AddParameter): Name = "HelpURL"; Value = "https://www.chipdip.ru/product/pbs-8"; VariantName = "[No Variations]"
Add component (AddParameter): Name = "Manufacturer"; Value = "Connfly"; VariantName = "[No Variations]"
Add component (AddParameter): Name = "Multichannel"; Value = "8pin"; VariantName = "[No Variations]"
Add component (AddParameter): Name = "PartNumber"; Value = "PBS-8"; VariantName = "[No Variations]"
Add component (AddParameter): Name = "Pitch"; Value = "2.54mm"; VariantName = "[No Variations]"
Add component (AddParameter): Name = "TypeConnector"; Value = "Connector"; VariantName = "[No Variations]"
Add component (AddParameter): Name = "ValueManufacturerPartNumber"; Value = "Connector, 8pin, 2.54mm, 500VAC, 3A"; VariantName = "[No Variations]"
Add component (AddParameter): Name = "VoltageMax"; Value = "500VAC"; VariantName = "[No Variations]"
Added Component: Designator=X8(CON: PBS-8)
Add component. Clean all parameters for all variants
Add component (AddParameter): Name = "CommentText"; Value = ""Ðàçúåì""; VariantName = "[No Variations]"
Add component (AddParameter): Name = "CurrentMax"; Value = "3A"; VariantName = "[No Variations]"
Add component (AddParameter): Name = "HelpURL"; Value = "https://www.chipdip.ru/product/pbs-8"; VariantName = "[No Variations]"
Add component (AddParameter): Name = "Manufacturer"; Value = "Connfly"; VariantName = "[No Variations]"
Add component (AddParameter): Name = "Multichannel"; Value = "8pin"; VariantName = "[No Variations]"
Add component (AddParameter): Name = "PartNumber"; Value = "PBS-8"; VariantName = "[No Variations]"
Add component (AddParameter): Name = "Pitch"; Value = "2.54mm"; VariantName = "[No Variations]"
Add component (AddParameter): Name = "TypeConnector"; Value = "Connector"; VariantName = "[No Variations]"
Add component (AddParameter): Name = "ValueManufacturerPartNumber"; Value = "Connector, 8pin, 2.54mm, 500VAC, 3A"; VariantName = "[No Variations]"
Add component (AddParameter): Name = "VoltageMax"; Value = "500VAC"; VariantName = "[No Variations]"
Added Component: Designator=X9(CON: PBS-8)
Add component. Clean all parameters for all variants
Add component (AddParameter): Name = "CommentText"; Value = ""Ðàçúåì""; VariantName = "[No Variations]"
Add component (AddParameter): Name = "CurrentMax"; Value = "3A"; VariantName = "[No Variations]"
Add component (AddParameter): Name = "HelpURL"; Value = "https://www.chipdip.ru/product/pbs-8"; VariantName = "[No Variations]"
Add component (AddParameter): Name = "Manufacturer"; Value = "Connfly"; VariantName = "[No Variations]"
Add component (AddParameter): Name = "Multichannel"; Value = "8pin"; VariantName = "[No Variations]"
Add component (AddParameter): Name = "PartNumber"; Value = "PBS-8"; VariantName = "[No Variations]"
Add component (AddParameter): Name = "Pitch"; Value = "2.54mm"; VariantName = "[No Variations]"
Add component (AddParameter): Name = "TypeConnector"; Value = "Connector"; VariantName = "[No Variations]"
Add component (AddParameter): Name = "ValueManufacturerPartNumber"; Value = "Connector, 8pin, 2.54mm, 500VAC, 3A"; VariantName = "[No Variations]"
Add component (AddParameter): Name = "VoltageMax"; Value = "500VAC"; VariantName = "[No Variations]"
Added Component: Designator=X10(CON: PBS-8)
Add component. Clean all parameters for all variants
Add component (AddParameter): Name = "CommentText"; Value = ""Ðàçúåì""; VariantName = "[No Variations]"
Add component (AddParameter): Name = "CurrentMax"; Value = "3A"; VariantName = "[No Variations]"
Add component (AddParameter): Name = "HelpURL"; Value = "https://www.chipdip.ru/product/pbs-8"; VariantName = "[No Variations]"
Add component (AddParameter): Name = "Manufacturer"; Value = "Connfly"; VariantName = "[No Variations]"
Add component (AddParameter): Name = "Multichannel"; Value = "8pin"; VariantName = "[No Variations]"
Add component (AddParameter): Name = "PartNumber"; Value = "PBS-8"; VariantName = "[No Variations]"
Add component (AddParameter): Name = "Pitch"; Value = "2.54mm"; VariantName = "[No Variations]"
Add component (AddParameter): Name = "TypeConnector"; Value = "Connector"; VariantName = "[No Variations]"
Add component (AddParameter): Name = "ValueManufacturerPartNumber"; Value = "Connector, 8pin, 2.54mm, 500VAC, 3A"; VariantName = "[No Variations]"
Add component (AddParameter): Name = "VoltageMax"; Value = "500VAC"; VariantName = "[No Variations]"
Added Component: Designator=X11(CON: PBS-8)
Add component. Clean all parameters for all variants
Add component (AddParameter): Name = "CommentText"; Value = ""Ðàçúåì""; VariantName = "[No Variations]"
Add component (AddParameter): Name = "CurrentMax"; Value = "3A"; VariantName = "[No Variations]"
Add component (AddParameter): Name = "HelpURL"; Value = "https://www.chipdip.ru/product/pbs-8"; VariantName = "[No Variations]"
Add component (AddParameter): Name = "Manufacturer"; Value = "Connfly"; VariantName = "[No Variations]"
Add component (AddParameter): Name = "Multichannel"; Value = "8pin"; VariantName = "[No Variations]"
Add component (AddParameter): Name = "PartNumber"; Value = "PBS-8"; VariantName = "[No Variations]"
Add component (AddParameter): Name = "Pitch"; Value = "2.54mm"; VariantName = "[No Variations]"
Add component (AddParameter): Name = "TypeConnector"; Value = "Connector"; VariantName = "[No Variations]"
Add component (AddParameter): Name = "ValueManufacturerPartNumber"; Value = "Connector, 8pin, 2.54mm, 500VAC, 3A"; VariantName = "[No Variations]"
Add component (AddParameter): Name = "VoltageMax"; Value = "500VAC"; VariantName = "[No Variations]"
Added Component: Designator=X12(CON: PBS-8)
Add component. Clean all parameters for all variants
Add component (AddParameter): Name = "CommentText"; Value = ""Ðàçúåì""; VariantName = "[No Variations]"
Add component (AddParameter): Name = "CurrentMax"; Value = "3A"; VariantName = "[No Variations]"
Add component (AddParameter): Name = "HelpURL"; Value = "https://www.chipdip.ru/product/pbs-8"; VariantName = "[No Variations]"
Add component (AddParameter): Name = "Manufacturer"; Value = "Connfly"; VariantName = "[No Variations]"
Add component (AddParameter): Name = "Multichannel"; Value = "8pin"; VariantName = "[No Variations]"
Add component (AddParameter): Name = "PartNumber"; Value = "PBS-8"; VariantName = "[No Variations]"
Add component (AddParameter): Name = "Pitch"; Value = "2.54mm"; VariantName = "[No Variations]"
Add component (AddParameter): Name = "TypeConnector"; Value = "Connector"; VariantName = "[No Variations]"
Add component (AddParameter): Name = "ValueManufacturerPartNumber"; Value = "Connector, 8pin, 2.54mm, 500VAC, 3A"; VariantName = "[No Variations]"
Add component (AddParameter): Name = "VoltageMax"; Value = "500VAC"; VariantName = "[No Variations]"
Added Component: Designator=X13(CON: PBS-8)
Add component. Clean all parameters for all variants
Add component (AddParameter): Name = "CommentText"; Value = ""Ðàçúåì""; VariantName = "[No Variations]"
Add component (AddParameter): Name = "CurrentMax"; Value = "3A"; VariantName = "[No Variations]"
Add component (AddParameter): Name = "HelpURL"; Value = "https://www.chipdip.ru/product/pbs-8"; VariantName = "[No Variations]"
Add component (AddParameter): Name = "Manufacturer"; Value = "Connfly"; VariantName = "[No Variations]"
Add component (AddParameter): Name = "Multichannel"; Value = "8pin"; VariantName = "[No Variations]"
Add component (AddParameter): Name = "PartNumber"; Value = "PBS-8"; VariantName = "[No Variations]"
Add component (AddParameter): Name = "Pitch"; Value = "2.54mm"; VariantName = "[No Variations]"
Add component (AddParameter): Name = "TypeConnector"; Value = "Connector"; VariantName = "[No Variations]"
Add component (AddParameter): Name = "ValueManufacturerPartNumber"; Value = "Connector, 8pin, 2.54mm, 500VAC, 3A"; VariantName = "[No Variations]"
Add component (AddParameter): Name = "VoltageMax"; Value = "500VAC"; VariantName = "[No Variations]"
Added Component: Designator=X14(CON: PBS-8)
Add component. Clean all parameters for all variants
Add component (AddParameter): Name = "CommentText"; Value = ""Ðàçúåì""; VariantName = "[No Variations]"
Add component (AddParameter): Name = "CurrentMax"; Value = "3A"; VariantName = "[No Variations]"
Add component (AddParameter): Name = "HelpURL"; Value = "https://www.chipdip.ru/product/pbs-8"; VariantName = "[No Variations]"
Add component (AddParameter): Name = "Manufacturer"; Value = "Connfly"; VariantName = "[No Variations]"
Add component (AddParameter): Name = "Multichannel"; Value = "8pin"; VariantName = "[No Variations]"
Add component (AddParameter): Name = "PartNumber"; Value = "PBS-8"; VariantName = "[No Variations]"
Add component (AddParameter): Name = "Pitch"; Value = "2.54mm"; VariantName = "[No Variations]"
Add component (AddParameter): Name = "TypeConnector"; Value = "Connector"; VariantName = "[No Variations]"
Add component (AddParameter): Name = "ValueManufacturerPartNumber"; Value = "Connector, 8pin, 2.54mm, 500VAC, 3A"; VariantName = "[No Variations]"
Add component (AddParameter): Name = "VoltageMax"; Value = "500VAC"; VariantName = "[No Variations]"
Added Component: Designator=X15(CON: PBS-8)
Add component. Clean all parameters for all variants
Add component (AddParameter): Name = "CommentText"; Value = ""Ðàçúåì""; VariantName = "[No Variations]"
Add component (AddParameter): Name = "CurrentMax"; Value = "3A"; VariantName = "[No Variations]"
Add component (AddParameter): Name = "HelpURL"; Value = "https://www.chipdip.ru/product/pbs-8"; VariantName = "[No Variations]"
Add component (AddParameter): Name = "Manufacturer"; Value = "Connfly"; VariantName = "[No Variations]"
Add component (AddParameter): Name = "Multichannel"; Value = "8pin"; VariantName = "[No Variations]"
Add component (AddParameter): Name = "PartNumber"; Value = "PBS-8"; VariantName = "[No Variations]"
Add component (AddParameter): Name = "Pitch"; Value = "2.54mm"; VariantName = "[No Variations]"
Add component (AddParameter): Name = "TypeConnector"; Value = "Connector"; VariantName = "[No Variations]"
Add component (AddParameter): Name = "ValueManufacturerPartNumber"; Value = "Connector, 8pin, 2.54mm, 500VAC, 3A"; VariantName = "[No Variations]"
Add component (AddParameter): Name = "VoltageMax"; Value = "500VAC"; VariantName = "[No Variations]"
Added Component: Designator=X16(CON: PBS-8)
Add component. Clean all parameters for all variants
Add component (AddParameter): Name = "CommentText"; Value = ""Ðàçúåì""; VariantName = "[No Variations]"
Add component (AddParameter): Name = "CurrentMax"; Value = "3A"; VariantName = "[No Variations]"
Add component (AddParameter): Name = "HelpURL"; Value = "https://www.chipdip.ru/product/pbs-8"; VariantName = "[No Variations]"
Add component (AddParameter): Name = "Manufacturer"; Value = "Connfly"; VariantName = "[No Variations]"
Add component (AddParameter): Name = "Multichannel"; Value = "8pin"; VariantName = "[No Variations]"
Add component (AddParameter): Name = "PartNumber"; Value = "PBS-8"; VariantName = "[No Variations]"
Add component (AddParameter): Name = "Pitch"; Value = "2.54mm"; VariantName = "[No Variations]"
Add component (AddParameter): Name = "TypeConnector"; Value = "Connector"; VariantName = "[No Variations]"
Add component (AddParameter): Name = "ValueManufacturerPartNumber"; Value = "Connector, 8pin, 2.54mm, 500VAC, 3A"; VariantName = "[No Variations]"
Add component (AddParameter): Name = "VoltageMax"; Value = "500VAC"; VariantName = "[No Variations]"
Added Component: Designator=X17(CON: PBS-8)
Add component. Clean all parameters for all variants
Add component (AddParameter): Name = "CommentText"; Value = ""Ðàçúåì""; VariantName = "[No Variations]"
Add component (AddParameter): Name = "CurrentMax"; Value = "3A"; VariantName = "[No Variations]"
Add component (AddParameter): Name = "HelpURL"; Value = "https://www.chipdip.ru/product/pbs-8"; VariantName = "[No Variations]"
Add component (AddParameter): Name = "Manufacturer"; Value = "Connfly"; VariantName = "[No Variations]"
Add component (AddParameter): Name = "Multichannel"; Value = "8pin"; VariantName = "[No Variations]"
Add component (AddParameter): Name = "PartNumber"; Value = "PBS-8"; VariantName = "[No Variations]"
Add component (AddParameter): Name = "Pitch"; Value = "2.54mm"; VariantName = "[No Variations]"
Add component (AddParameter): Name = "TypeConnector"; Value = "Connector"; VariantName = "[No Variations]"
Add component (AddParameter): Name = "ValueManufacturerPartNumber"; Value = "Connector, 8pin, 2.54mm, 500VAC, 3A"; VariantName = "[No Variations]"
Add component (AddParameter): Name = "VoltageMax"; Value = "500VAC"; VariantName = "[No Variations]"
Added Component: Designator=X18(CON: PBS-8)
Add component. Clean all parameters for all variants
Add component (AddParameter): Name = "CommentText"; Value = ""Ðàçúåì""; VariantName = "[No Variations]"
Add component (AddParameter): Name = "CurrentMax"; Value = "3A"; VariantName = "[No Variations]"
Add component (AddParameter): Name = "HelpURL"; Value = "https://www.chipdip.ru/product/pbs-8"; VariantName = "[No Variations]"
Add component (AddParameter): Name = "Manufacturer"; Value = "Connfly"; VariantName = "[No Variations]"
Add component (AddParameter): Name = "Multichannel"; Value = "8pin"; VariantName = "[No Variations]"
Add component (AddParameter): Name = "PartNumber"; Value = "PBS-8"; VariantName = "[No Variations]"
Add component (AddParameter): Name = "Pitch"; Value = "2.54mm"; VariantName = "[No Variations]"
Add component (AddParameter): Name = "TypeConnector"; Value = "Connector"; VariantName = "[No Variations]"
Add component (AddParameter): Name = "ValueManufacturerPartNumber"; Value = "Connector, 8pin, 2.54mm, 500VAC, 3A"; VariantName = "[No Variations]"
Add component (AddParameter): Name = "VoltageMax"; Value = "500VAC"; VariantName = "[No Variations]"
Added Component: Designator=X19(CON: PBS-8)
Add component. Clean all parameters for all variants
Add component (AddParameter): Name = "CommentText"; Value = ""Ðàçúåì""; VariantName = "[No Variations]"
Add component (AddParameter): Name = "CurrentMax"; Value = "3A"; VariantName = "[No Variations]"
Add component (AddParameter): Name = "HelpURL"; Value = "https://www.chipdip.ru/product/pbs-8"; VariantName = "[No Variations]"
Add component (AddParameter): Name = "Manufacturer"; Value = "Connfly"; VariantName = "[No Variations]"
Add component (AddParameter): Name = "Multichannel"; Value = "8pin"; VariantName = "[No Variations]"
Add component (AddParameter): Name = "PartNumber"; Value = "PBS-8"; VariantName = "[No Variations]"
Add component (AddParameter): Name = "Pitch"; Value = "2.54mm"; VariantName = "[No Variations]"
Add component (AddParameter): Name = "TypeConnector"; Value = "Connector"; VariantName = "[No Variations]"
Add component (AddParameter): Name = "ValueManufacturerPartNumber"; Value = "Connector, 8pin, 2.54mm, 500VAC, 3A"; VariantName = "[No Variations]"
Add component (AddParameter): Name = "VoltageMax"; Value = "500VAC"; VariantName = "[No Variations]"
Added Component: Designator=X20(CON: PBS-8)
Add component. Clean all parameters for all variants
Add component (AddParameter): Name = "CommentText"; Value = ""Ðàçúåì""; VariantName = "[No Variations]"
Add component (AddParameter): Name = "CurrentMax"; Value = "3A"; VariantName = "[No Variations]"
Add component (AddParameter): Name = "HelpURL"; Value = "https://www.chipdip.ru/product/pbs-8"; VariantName = "[No Variations]"
Add component (AddParameter): Name = "Manufacturer"; Value = "Connfly"; VariantName = "[No Variations]"
Add component (AddParameter): Name = "Multichannel"; Value = "8pin"; VariantName = "[No Variations]"
Add component (AddParameter): Name = "PartNumber"; Value = "PBS-8"; VariantName = "[No Variations]"
Add component (AddParameter): Name = "Pitch"; Value = "2.54mm"; VariantName = "[No Variations]"
Add component (AddParameter): Name = "TypeConnector"; Value = "Connector"; VariantName = "[No Variations]"
Add component (AddParameter): Name = "ValueManufacturerPartNumber"; Value = "Connector, 8pin, 2.54mm, 500VAC, 3A"; VariantName = "[No Variations]"
Add component (AddParameter): Name = "VoltageMax"; Value = "500VAC"; VariantName = "[No Variations]"
Added Component: Designator=X21(CON: PBS-8)
Add component. Clean all parameters for all variants
Add component (AddParameter): Name = "CommentText"; Value = ""Ðàçúåì""; VariantName = "[No Variations]"
Add component (AddParameter): Name = "CurrentMax"; Value = "3A"; VariantName = "[No Variations]"
Add component (AddParameter): Name = "HelpURL"; Value = "https://www.chipdip.ru/product/pbs-8"; VariantName = "[No Variations]"
Add component (AddParameter): Name = "Manufacturer"; Value = "Connfly"; VariantName = "[No Variations]"
Add component (AddParameter): Name = "Multichannel"; Value = "8pin"; VariantName = "[No Variations]"
Add component (AddParameter): Name = "PartNumber"; Value = "PBS-8"; VariantName = "[No Variations]"
Add component (AddParameter): Name = "Pitch"; Value = "2.54mm"; VariantName = "[No Variations]"
Add component (AddParameter): Name = "TypeConnector"; Value = "Connector"; VariantName = "[No Variations]"
Add component (AddParameter): Name = "ValueManufacturerPartNumber"; Value = "Connector, 8pin, 2.54mm, 500VAC, 3A"; VariantName = "[No Variations]"
Add component (AddParameter): Name = "VoltageMax"; Value = "500VAC"; VariantName = "[No Variations]"
Added Component: Designator=X22(CON: PBS-8)
Add component. Clean all parameters for all variants
Add component (AddParameter): Name = "CommentText"; Value = ""Ðàçúåì""; VariantName = "[No Variations]"
Add component (AddParameter): Name = "CurrentMax"; Value = "3A"; VariantName = "[No Variations]"
Add component (AddParameter): Name = "HelpURL"; Value = "https://www.chipdip.ru/product/pbs-8"; VariantName = "[No Variations]"
Add component (AddParameter): Name = "Manufacturer"; Value = "Connfly"; VariantName = "[No Variations]"
Add component (AddParameter): Name = "Multichannel"; Value = "8pin"; VariantName = "[No Variations]"
Add component (AddParameter): Name = "PartNumber"; Value = "PBS-8"; VariantName = "[No Variations]"
Add component (AddParameter): Name = "Pitch"; Value = "2.54mm"; VariantName = "[No Variations]"
Add component (AddParameter): Name = "TypeConnector"; Value = "Connector"; VariantName = "[No Variations]"
Add component (AddParameter): Name = "ValueManufacturerPartNumber"; Value = "Connector, 8pin, 2.54mm, 500VAC, 3A"; VariantName = "[No Variations]"
Add component (AddParameter): Name = "VoltageMax"; Value = "500VAC"; VariantName = "[No Variations]"
Added Component: Designator=X23(CON: PBS-8)
Add component. Clean all parameters for all variants
Add component (AddParameter): Name = "CommentText"; Value = ""Ðàçúåì""; VariantName = "[No Variations]"
Add component (AddParameter): Name = "CurrentMax"; Value = "3A"; VariantName = "[No Variations]"
Add component (AddParameter): Name = "HelpURL"; Value = "https://www.chipdip.ru/product/pbs-8"; VariantName = "[No Variations]"
Add component (AddParameter): Name = "Manufacturer"; Value = "Connfly"; VariantName = "[No Variations]"
Add component (AddParameter): Name = "Multichannel"; Value = "8pin"; VariantName = "[No Variations]"
Add component (AddParameter): Name = "PartNumber"; Value = "PBS-8"; VariantName = "[No Variations]"
Add component (AddParameter): Name = "Pitch"; Value = "2.54mm"; VariantName = "[No Variations]"
Add component (AddParameter): Name = "TypeConnector"; Value = "Connector"; VariantName = "[No Variations]"
Add component (AddParameter): Name = "ValueManufacturerPartNumber"; Value = "Connector, 8pin, 2.54mm, 500VAC, 3A"; VariantName = "[No Variations]"
Add component (AddParameter): Name = "VoltageMax"; Value = "500VAC"; VariantName = "[No Variations]"
Added Component: Designator=X24(CON: PBS-8)
Add component. Clean all parameters for all variants
Add component (AddParameter): Name = "CommentText"; Value = ""Ðàçúåì""; VariantName = "[No Variations]"
Add component (AddParameter): Name = "CurrentMax"; Value = "3A"; VariantName = "[No Variations]"
Add component (AddParameter): Name = "HelpURL"; Value = "https://www.chipdip.ru/product/pbs-8"; VariantName = "[No Variations]"
Add component (AddParameter): Name = "Manufacturer"; Value = "Connfly"; VariantName = "[No Variations]"
Add component (AddParameter): Name = "Multichannel"; Value = "8pin"; VariantName = "[No Variations]"
Add component (AddParameter): Name = "PartNumber"; Value = "PBS-8"; VariantName = "[No Variations]"
Add component (AddParameter): Name = "Pitch"; Value = "2.54mm"; VariantName = "[No Variations]"
Add component (AddParameter): Name = "TypeConnector"; Value = "Connector"; VariantName = "[No Variations]"
Add component (AddParameter): Name = "ValueManufacturerPartNumber"; Value = "Connector, 8pin, 2.54mm, 500VAC, 3A"; VariantName = "[No Variations]"
Add component (AddParameter): Name = "VoltageMax"; Value = "500VAC"; VariantName = "[No Variations]"
Added Component: Designator=X25(CON: PBS-8)
Add component. Clean all parameters for all variants
Add component (AddParameter): Name = "CommentText"; Value = ""Ðàçúåì""; VariantName = "[No Variations]"
Add component (AddParameter): Name = "CurrentMax"; Value = "3A"; VariantName = "[No Variations]"
Add component (AddParameter): Name = "HelpURL"; Value = "https://www.chipdip.ru/product/pbs-8"; VariantName = "[No Variations]"
Add component (AddParameter): Name = "Manufacturer"; Value = "Connfly"; VariantName = "[No Variations]"
Add component (AddParameter): Name = "Multichannel"; Value = "8pin"; VariantName = "[No Variations]"
Add component (AddParameter): Name = "PartNumber"; Value = "PBS-8"; VariantName = "[No Variations]"
Add component (AddParameter): Name = "Pitch"; Value = "2.54mm"; VariantName = "[No Variations]"
Add component (AddParameter): Name = "TypeConnector"; Value = "Connector"; VariantName = "[No Variations]"
Add component (AddParameter): Name = "ValueManufacturerPartNumber"; Value = "Connector, 8pin, 2.54mm, 500VAC, 3A"; VariantName = "[No Variations]"
Add component (AddParameter): Name = "VoltageMax"; Value = "500VAC"; VariantName = "[No Variations]"
Added Component: Designator=X26(CON: PBS-8)
Add component. Clean all parameters for all variants
Add component (AddParameter): Name = "CommentText"; Value = ""Ðàçúåì""; VariantName = "[No Variations]"
Add component (AddParameter): Name = "CurrentMax"; Value = "3A"; VariantName = "[No Variations]"
Add component (AddParameter): Name = "HelpURL"; Value = "https://www.chipdip.ru/product/pbs-8"; VariantName = "[No Variations]"
Add component (AddParameter): Name = "Manufacturer"; Value = "Connfly"; VariantName = "[No Variations]"
Add component (AddParameter): Name = "Multichannel"; Value = "8pin"; VariantName = "[No Variations]"
Add component (AddParameter): Name = "PartNumber"; Value = "PBS-8"; VariantName = "[No Variations]"
Add component (AddParameter): Name = "Pitch"; Value = "2.54mm"; VariantName = "[No Variations]"
Add component (AddParameter): Name = "TypeConnector"; Value = "Connector"; VariantName = "[No Variations]"
Add component (AddParameter): Name = "ValueManufacturerPartNumber"; Value = "Connector, 8pin, 2.54mm, 500VAC, 3A"; VariantName = "[No Variations]"
Add component (AddParameter): Name = "VoltageMax"; Value = "500VAC"; VariantName = "[No Variations]"
Added Component: Designator=X27(CON: PBS-8)
Add component. Clean all parameters for all variants
Add component (AddParameter): Name = "CommentText"; Value = ""Ðàçúåì""; VariantName = "[No Variations]"
Add component (AddParameter): Name = "CurrentMax"; Value = "3A"; VariantName = "[No Variations]"
Add component (AddParameter): Name = "HelpURL"; Value = "https://www.chipdip.ru/product/pbs-8"; VariantName = "[No Variations]"
Add component (AddParameter): Name = "Manufacturer"; Value = "Connfly"; VariantName = "[No Variations]"
Add component (AddParameter): Name = "Multichannel"; Value = "8pin"; VariantName = "[No Variations]"
Add component (AddParameter): Name = "PartNumber"; Value = "PBS-8"; VariantName = "[No Variations]"
Add component (AddParameter): Name = "Pitch"; Value = "2.54mm"; VariantName = "[No Variations]"
Add component (AddParameter): Name = "TypeConnector"; Value = "Connector"; VariantName = "[No Variations]"
Add component (AddParameter): Name = "ValueManufacturerPartNumber"; Value = "Connector, 8pin, 2.54mm, 500VAC, 3A"; VariantName = "[No Variations]"
Add component (AddParameter): Name = "VoltageMax"; Value = "500VAC"; VariantName = "[No Variations]"
Added Component: Designator=X28(CON: PBS-8)
Add component. Clean all parameters for all variants
Add component (AddParameter): Name = "CommentText"; Value = ""Ðàçúåì""; VariantName = "[No Variations]"
Add component (AddParameter): Name = "CurrentMax"; Value = "3A"; VariantName = "[No Variations]"
Add component (AddParameter): Name = "HelpURL"; Value = "https://www.chipdip.ru/product/pbs-8"; VariantName = "[No Variations]"
Add component (AddParameter): Name = "Manufacturer"; Value = "Connfly"; VariantName = "[No Variations]"
Add component (AddParameter): Name = "Multichannel"; Value = "8pin"; VariantName = "[No Variations]"
Add component (AddParameter): Name = "PartNumber"; Value = "PBS-8"; VariantName = "[No Variations]"
Add component (AddParameter): Name = "Pitch"; Value = "2.54mm"; VariantName = "[No Variations]"
Add component (AddParameter): Name = "TypeConnector"; Value = "Connector"; VariantName = "[No Variations]"
Add component (AddParameter): Name = "ValueManufacturerPartNumber"; Value = "Connector, 8pin, 2.54mm, 500VAC, 3A"; VariantName = "[No Variations]"
Add component (AddParameter): Name = "VoltageMax"; Value = "500VAC"; VariantName = "[No Variations]"
Added Component: Designator=X29(CON: PBS-8)
Add component. Clean all parameters for all variants
Add component (AddParameter): Name = "CommentText"; Value = ""Ðàçúåì""; VariantName = "[No Variations]"
Add component (AddParameter): Name = "CurrentMax"; Value = "3A"; VariantName = "[No Variations]"
Add component (AddParameter): Name = "HelpURL"; Value = "https://www.chipdip.ru/product/pbs-8"; VariantName = "[No Variations]"
Add component (AddParameter): Name = "Manufacturer"; Value = "Connfly"; VariantName = "[No Variations]"
Add component (AddParameter): Name = "Multichannel"; Value = "8pin"; VariantName = "[No Variations]"
Add component (AddParameter): Name = "PartNumber"; Value = "PBS-8"; VariantName = "[No Variations]"
Add component (AddParameter): Name = "Pitch"; Value = "2.54mm"; VariantName = "[No Variations]"
Add component (AddParameter): Name = "TypeConnector"; Value = "Connector"; VariantName = "[No Variations]"
Add component (AddParameter): Name = "ValueManufacturerPartNumber"; Value = "Connector, 8pin, 2.54mm, 500VAC, 3A"; VariantName = "[No Variations]"
Add component (AddParameter): Name = "VoltageMax"; Value = "500VAC"; VariantName = "[No Variations]"
Added Component: Designator=X30(CON: PBS-8)
Add component. Clean all parameters for all variants
Add component (AddParameter): Name = "CommentText"; Value = ""Ðàçúåì""; VariantName = "[No Variations]"
Add component (AddParameter): Name = "CurrentMax"; Value = "3A"; VariantName = "[No Variations]"
Add component (AddParameter): Name = "HelpURL"; Value = "https://www.chipdip.ru/product/pbs-8"; VariantName = "[No Variations]"
Add component (AddParameter): Name = "Manufacturer"; Value = "Connfly"; VariantName = "[No Variations]"
Add component (AddParameter): Name = "Multichannel"; Value = "8pin"; VariantName = "[No Variations]"
Add component (AddParameter): Name = "PartNumber"; Value = "PBS-8"; VariantName = "[No Variations]"
Add component (AddParameter): Name = "Pitch"; Value = "2.54mm"; VariantName = "[No Variations]"
Add component (AddParameter): Name = "TypeConnector"; Value = "Connector"; VariantName = "[No Variations]"
Add component (AddParameter): Name = "ValueManufacturerPartNumber"; Value = "Connector, 8pin, 2.54mm, 500VAC, 3A"; VariantName = "[No Variations]"
Add component (AddParameter): Name = "VoltageMax"; Value = "500VAC"; VariantName = "[No Variations]"
Added Room: Name=Led_Tree_Main
