Added Component: Designator=X?(CON: PLS-2)
Add component. Clean all parameters for all variants
Add component (AddParameter): Name = "CommentText"; Value = ""׀אחתול""; VariantName = "[No Variations]"
Add component (AddParameter): Name = "CurrentMax"; Value = "3A"; VariantName = "[No Variations]"
Add component (AddParameter): Name = "HelpURL"; Value = "https://www.chipdip.ru/product/pls-2"; VariantName = "[No Variations]"
Add component (AddParameter): Name = "Manufacturer"; Value = "Connfly"; VariantName = "[No Variations]"
Add component (AddParameter): Name = "Multichannel"; Value = "2pin"; VariantName = "[No Variations]"
Add component (AddParameter): Name = "PartNumber"; Value = "PLS-2"; VariantName = "[No Variations]"
Add component (AddParameter): Name = "Pitch"; Value = "2.54mm"; VariantName = "[No Variations]"
Add component (AddParameter): Name = "TypeConnector"; Value = "Connector"; VariantName = "[No Variations]"
Add component (AddParameter): Name = "ValueManufacturerPartNumber"; Value = "Connector, 2pin, 2.54mm, 500VAC, 3A"; VariantName = "[No Variations]"
Add component (AddParameter): Name = "VoltageMax"; Value = "500VAC"; VariantName = "[No Variations]"
Added Component: Designator=X?(CON: PLS-16)
Add component. Clean all parameters for all variants
Add component (AddParameter): Name = "CommentText"; Value = ""׀אחתול""; VariantName = "[No Variations]"
Add component (AddParameter): Name = "CurrentMax"; Value = "3A"; VariantName = "[No Variations]"
Add component (AddParameter): Name = "HelpURL"; Value = "https://www.chipdip.ru/product/pls-16"; VariantName = "[No Variations]"
Add component (AddParameter): Name = "Manufacturer"; Value = "Connfly"; VariantName = "[No Variations]"
Add component (AddParameter): Name = "Multichannel"; Value = "16pin"; VariantName = "[No Variations]"
Add component (AddParameter): Name = "PartNumber"; Value = "PLS-16"; VariantName = "[No Variations]"
Add component (AddParameter): Name = "Pitch"; Value = "2.54mm"; VariantName = "[No Variations]"
Add component (AddParameter): Name = "TypeConnector"; Value = "Connector"; VariantName = "[No Variations]"
Add component (AddParameter): Name = "ValueManufacturerPartNumber"; Value = "Connector, 16pin, 2.54mm, 500VAC, 3A"; VariantName = "[No Variations]"
Add component (AddParameter): Name = "VoltageMax"; Value = "500VAC"; VariantName = "[No Variations]"
Added Component: Designator=X?(CON: PLS-14)
Add component. Clean all parameters for all variants
Add component (AddParameter): Name = "CommentText"; Value = ""׀אחתול""; VariantName = "[No Variations]"
Add component (AddParameter): Name = "CurrentMax"; Value = "3A"; VariantName = "[No Variations]"
Add component (AddParameter): Name = "HelpURL"; Value = "https://www.chipdip.ru/product/pls-14"; VariantName = "[No Variations]"
Add component (AddParameter): Name = "Manufacturer"; Value = "Connfly"; VariantName = "[No Variations]"
Add component (AddParameter): Name = "Multichannel"; Value = "14pin"; VariantName = "[No Variations]"
Add component (AddParameter): Name = "PartNumber"; Value = "PLS-14"; VariantName = "[No Variations]"
Add component (AddParameter): Name = "Pitch"; Value = "2.54mm"; VariantName = "[No Variations]"
Add component (AddParameter): Name = "TypeConnector"; Value = "Connector"; VariantName = "[No Variations]"
Add component (AddParameter): Name = "ValueManufacturerPartNumber"; Value = "Connector, 14pin, 2.54mm, 500VAC, 3A"; VariantName = "[No Variations]"
Add component (AddParameter): Name = "VoltageMax"; Value = "500VAC"; VariantName = "[No Variations]"
Added Pin To Net: NetName=NetX?_1 Pin=X?-1
Added Pin To Net: NetName=NetX?_1 Pin=X?-1
Added Pin To Net: NetName=NetX?_1 Pin=X?-2
Added Pin To Net: NetName=NetX?_1 Pin=X?-19
Added Net: Name=NetX?_1
Added Pin To Net: NetName=NetX?_2 Pin=X?-2
Added Pin To Net: NetName=NetX?_2 Pin=X?-6
Added Net: Name=NetX?_2
Added Pin To Net: NetName=NetX?_3 Pin=X?-3
Added Pin To Net: NetName=NetX?_3 Pin=X?-7
Added Net: Name=NetX?_3
Added Pin To Net: NetName=NetX?_4 Pin=X?-4
Added Pin To Net: NetName=NetX?_4 Pin=X?-8
Added Net: Name=NetX?_4
Added Pin To Net: NetName=NetX?_5 Pin=X?-5
Added Pin To Net: NetName=NetX?_5 Pin=X?-9
Added Net: Name=NetX?_5
Added Pin To Net: NetName=NetX?_6 Pin=X?-6
Added Pin To Net: NetName=NetX?_6 Pin=X?-10
Added Net: Name=NetX?_6
Added Pin To Net: NetName=NetX?_7 Pin=X?-7
Added Pin To Net: NetName=NetX?_7 Pin=X?-11
Added Net: Name=NetX?_7
Added Pin To Net: NetName=NetX?_8 Pin=X?-8
Added Pin To Net: NetName=NetX?_8 Pin=X?-12
Added Net: Name=NetX?_8
Added Pin To Net: NetName=NetX?_9 Pin=X?-9
Added Pin To Net: NetName=NetX?_9 Pin=X?-13
Added Net: Name=NetX?_9
Added Pin To Net: NetName=NetX?_10 Pin=X?-10
Added Pin To Net: NetName=NetX?_10 Pin=X?-14
Added Net: Name=NetX?_10
Added Pin To Net: NetName=NetX?_11 Pin=X?-11
Added Pin To Net: NetName=NetX?_11 Pin=X?-15
Added Net: Name=NetX?_11
Added Pin To Net: NetName=NetX?_12 Pin=X?-12
Added Pin To Net: NetName=NetX?_12 Pin=X?-16
Added Net: Name=NetX?_12
Added Pin To Net: NetName=NetX?_13 Pin=X?-13
Added Pin To Net: NetName=NetX?_13 Pin=X?-17
Added Net: Name=NetX?_13
Added Pin To Net: NetName=NetX?_14 Pin=X?-14
Added Pin To Net: NetName=NetX?_14 Pin=X?-18
Added Net: Name=NetX?_14
Added Pin To Net: NetName=NetX?_15 Pin=X?-15
Added Pin To Net: NetName=NetX?_15 Pin=X?-19
Added Net: Name=NetX?_15
Added Pin To Net: NetName=NetX?_16 Pin=X?-16
Added Pin To Net: NetName=NetX?_16 Pin=X?-20
Added Net: Name=NetX?_16
Added Member To Class: ClassName=Led_Tree_Main Member=Component D? MBI5050GP
Added Member To Class: ClassName=Led_Tree_Main Member=Component D? MBI5050GP
Added Member To Class: ClassName=Led_Tree_Main Member=Component D? MBI5050GP
Added Member To Class: ClassName=Led_Tree_Main Member=Component D? MBI5050GP
Added Member To Class: ClassName=Led_Tree_Main Member=Component D? MBI5050GP
Added Member To Class: ClassName=Led_Tree_Main Member=Component D? MBI5050GP
Added Member To Class: ClassName=Led_Tree_Main Member=Component D? MBI5050GP
Added Member To Class: ClassName=Led_Tree_Main Member=Component D? MBI5050GP
Added Member To Class: ClassName=Led_Tree_Main Member=Component D? MBI5050GP
Added Member To Class: ClassName=Led_Tree_Main Member=Component D? MBI5050GP
Added Member To Class: ClassName=Led_Tree_Main Member=Component D? MBI5050GP
Added Member To Class: ClassName=Led_Tree_Main Member=Component X? Connector, 2pin, 2.54mm, 500VAC, 3A
Added Member To Class: ClassName=Led_Tree_Main Member=Component X? Connector, 16pin, 2.54mm, 500VAC, 3A
Added Member To Class: ClassName=Led_Tree_Main Member=Component X? Connector, 14pin, 2.54mm, 500VAC, 3A
Added Member To Class: ClassName=Led_Tree_Main Member=Component X? Connector, 8pin, 2.54mm, 500VAC, 3A
Added Member To Class: ClassName=Led_Tree_Main Member=Component X? Connector, 8pin, 2.54mm, 500VAC, 3A
Added Member To Class: ClassName=Led_Tree_Main Member=Component X? Connector, 8pin, 2.54mm, 500VAC, 3A
Added Member To Class: ClassName=Led_Tree_Main Member=Component X? Connector, 8pin, 2.54mm, 500VAC, 3A
Added Member To Class: ClassName=Led_Tree_Main Member=Component X? Connector, 8pin, 2.54mm, 500VAC, 3A
Added Member To Class: ClassName=Led_Tree_Main Member=Component X? Connector, 8pin, 2.54mm, 500VAC, 3A
Added Member To Class: ClassName=Led_Tree_Main Member=Component X? Connector, 8pin, 2.54mm, 500VAC, 3A
Added Member To Class: ClassName=Led_Tree_Main Member=Component X? Connector, 8pin, 2.54mm, 500VAC, 3A
Added Member To Class: ClassName=Led_Tree_Main Member=Component X? Connector, 8pin, 2.54mm, 500VAC, 3A
Added Member To Class: ClassName=Led_Tree_Main Member=Component X? Connector, 8pin, 2.54mm, 500VAC, 3A
Added Member To Class: ClassName=Led_Tree_Main Member=Component X? Connector, 8pin, 2.54mm, 500VAC, 3A
Added Member To Class: ClassName=Led_Tree_Main Member=Component X? Connector, 8pin, 2.54mm, 500VAC, 3A
Added Member To Class: ClassName=Led_Tree_Main Member=Component X? Connector, 8pin, 2.54mm, 500VAC, 3A
Added Member To Class: ClassName=Led_Tree_Main Member=Component X? Connector, 8pin, 2.54mm, 500VAC, 3A
Added Member To Class: ClassName=Led_Tree_Main Member=Component X? Connector, 8pin, 2.54mm, 500VAC, 3A
Added Member To Class: ClassName=Led_Tree_Main Member=Component X? Connector, 8pin, 2.54mm, 500VAC, 3A
Added Member To Class: ClassName=Led_Tree_Main Member=Component X? Connector, 8pin, 2.54mm, 500VAC, 3A
Added Member To Class: ClassName=Led_Tree_Main Member=Component X? Connector, 8pin, 2.54mm, 500VAC, 3A
Added Member To Class: ClassName=Led_Tree_Main Member=Component X? Connector, 8pin, 2.54mm, 500VAC, 3A
Added Member To Class: ClassName=Led_Tree_Main Member=Component X? Connector, 8pin, 2.54mm, 500VAC, 3A
Added Member To Class: ClassName=Led_Tree_Main Member=Component X? Connector, 8pin, 2.54mm, 500VAC, 3A
Added Member To Class: ClassName=Led_Tree_Main Member=Component X? Connector, 8pin, 2.54mm, 500VAC, 3A
Added Member To Class: ClassName=Led_Tree_Main Member=Component X? Connector, 8pin, 2.54mm, 500VAC, 3A
Added Member To Class: ClassName=Led_Tree_Main Member=Component X? Connector, 2pin, 4.14mm, 600VAC, 9.5A
Added Member To Class: ClassName=Led_Tree_Main Member=Component X? Connector, 20pin, 2.54mm, 500VAC, 3A
Added Member To Class: ClassName=Led_Tree_Main Member=Component X? Connector, 20pin, 2.54mm, 500VAC, 3A
Added Room: Name=Led_Tree_Main
